In file included from map/test/uint64_t/map.c:1:
map/test/uint64_t/map.h:4:1: error: return type defaults to â€˜intâ€™ [-Werror=implicit-int]
    4 | MAKE_MAP_HEADER(map, uint64_t, uint64_t)
      | ^~~~~~~~~~~~~~~
map/test/uint64_t/map.c: In function â€˜MAKE_MAP_HEADERâ€™:
map/test/uint64_t/map.c:3:1: error: unknown type name â€˜uint32_tâ€™
    3 | uint32_t u64_hash(uint64_t a) { return (uint32_t)a; }
      | ^~~~~~~~
map/test/uint64_t/map.c:2:1: note: â€˜uint32_tâ€™ is defined in header â€˜<stdint.h>â€™; did you forget to â€˜#include <stdint.h>â€™?
    1 | #include "map.h"
  +++ |+#include <stdint.h>
    2 | 
map/test/uint64_t/map.c:3:19: error: unknown type name â€˜uint64_tâ€™
    3 | uint32_t u64_hash(uint64_t a) { return (uint32_t)a; }
      |                   ^~~~~~~~
map/test/uint64_t/map.c:3:19: note: â€˜uint64_tâ€™ is defined in header â€˜<stdint.h>â€™; did you forget to â€˜#include <stdint.h>â€™?
map/test/uint64_t/map.c:4:1: error: unknown type name â€˜boolâ€™
    4 | bool u64_eq(uint64_t a, uint64_t b) { return a == b; }
      | ^~~~
map/test/uint64_t/map.c:2:1: note: â€˜boolâ€™ is defined in header â€˜<stdbool.h>â€™; did you forget to â€˜#include <stdbool.h>â€™?
    1 | #include "map.h"
  +++ |+#include <stdbool.h>
    2 | 
map/test/uint64_t/map.c:4:13: error: unknown type name â€˜uint64_tâ€™
    4 | bool u64_eq(uint64_t a, uint64_t b) { return a == b; }
      |             ^~~~~~~~
map/test/uint64_t/map.c:4:13: note: â€˜uint64_tâ€™ is defined in header â€˜<stdint.h>â€™; did you forget to â€˜#include <stdint.h>â€™?
map/test/uint64_t/map.c:4:25: error: unknown type name â€˜uint64_tâ€™
    4 | bool u64_eq(uint64_t a, uint64_t b) { return a == b; }
      |                         ^~~~~~~~
map/test/uint64_t/map.c:4:25: note: â€˜uint64_tâ€™ is defined in header â€˜<stdint.h>â€™; did you forget to â€˜#include <stdint.h>â€™?
map/test/uint64_t/map.c:6:1: error: expected declaration specifiers before â€˜MAKE_MAP_IMPLEMENTATIONâ€™
    6 | MAKE_MAP_IMPLEMENTATION(
      | ^~~~~~~~~~~~~~~~~~~~~~~
map/test/uint64_t/map.h:4:1: error: type of â€˜mapâ€™ defaults to â€˜intâ€™ [-Werror=implicit-int]
    4 | MAKE_MAP_HEADER(map, uint64_t, uint64_t)
      | ^~~~~~~~~~~~~~~
map/test/uint64_t/map.h:4:1: error: type of â€˜uint64_tâ€™ defaults to â€˜intâ€™ [-Werror=implicit-int]
map/test/uint64_t/map.h:4:1: error: multiple parameters named â€˜uint64_tâ€™
map/test/uint64_t/map.c:8: error: control reaches end of non-void function [-Werror=return-type]
cc1: all warnings being treated as errors
In file included from map/test/uint64_t/../../../lib/test.h:4,
                 from map/test/uint64_t/test.c:2:
/usr/include/assert.h: In function â€˜MAKE_MAP_HEADERâ€™:
/usr/include/assert.h:67:13: error: storage class specified for parameter â€˜__assert_failâ€™
   67 | extern void __assert_fail (const char *__assertion, const char *__file,
      |             ^~~~~~~~~~~~~
/usr/include/assert.h:72:13: error: storage class specified for parameter â€˜__assert_perror_failâ€™
   72 | extern void __assert_perror_fail (int __errnum, const char *__file,
      |             ^~~~~~~~~~~~~~~~~~~~
/usr/include/assert.h:79:13: error: storage class specified for parameter â€˜__assertâ€™
   79 | extern void __assert (const char *__assertion, const char *__file, int __line)
      |             ^~~~~~~~
[93mCBUILD WARN!: [39mgcc -c -o build/map/test/uint64_t/map.c.o -g -Wall -Werror -Og  map/test/uint64_t/map.c
In file included from /usr/include/stdio.h:33,
                 from map/test/uint64_t/../../../lib/test.h:5:
/usr/lib/gcc/x86_64-pc-linux-gnu/12.2.0/include/stddef.h:214:23: error: storage class specified for parameter â€˜size_tâ€™
  214 | typedef __SIZE_TYPE__ size_t;
      |                       ^~~~~~
In file included from /usr/include/stdio.h:36:
/usr/lib/gcc/x86_64-pc-linux-gnu/12.2.0/include/stdarg.h:40:27: error: storage class specified for parameter â€˜__gnuc_va_listâ€™
   40 | typedef __builtin_va_list __gnuc_va_list;
      |                           ^~~~~~~~~~~~~~
In file included from /usr/include/stdio.h:38:
/usr/include/bits/types.h:31:23: error: storage class specified for parameter â€˜__u_charâ€™
   31 | typedef unsigned char __u_char;
      |                       ^~~~~~~~
/usr/include/bits/types.h:32:28: error: storage class specified for parameter â€˜__u_shortâ€™
   32 | typedef unsigned short int __u_short;
      |                            ^~~~~~~~~
/usr/include/bits/types.h:33:22: error: storage class specified for parameter â€˜__u_intâ€™
   33 | typedef unsigned int __u_int;
      |                      ^~~~~~~
/usr/include/bits/types.h:34:27: error: storage class specified for parameter â€˜__u_longâ€™
   34 | typedef unsigned long int __u_long;
      |                           ^~~~~~~~
/usr/include/bits/types.h:37:21: error: storage class specified for parameter â€˜__int8_tâ€™
   37 | typedef signed char __int8_t;
      |                     ^~~~~~~~
/usr/include/bits/types.h:38:23: error: storage class specified for parameter â€˜__uint8_tâ€™
   38 | typedef unsigned char __uint8_t;
      |                       ^~~~~~~~~
/usr/include/bits/types.h:39:26: error: storage class specified for parameter â€˜__int16_tâ€™
   39 | typedef signed short int __int16_t;
      |                          ^~~~~~~~~
/usr/include/bits/types.h:40:28: error: storage class specified for parameter â€˜__uint16_tâ€™
   40 | typedef unsigned short int __uint16_t;
      |                            ^~~~~~~~~~
/usr/include/bits/types.h:41:20: error: storage class specified for parameter â€˜__int32_tâ€™
   41 | typedef signed int __int32_t;
      |                    ^~~~~~~~~
/usr/include/bits/types.h:42:22: error: storage class specified for parameter â€˜__uint32_tâ€™
   42 | typedef unsigned int __uint32_t;
      |                      ^~~~~~~~~~
/usr/include/bits/types.h:44:25: error: storage class specified for parameter â€˜__int64_tâ€™
   44 | typedef signed long int __int64_t;
      |                         ^~~~~~~~~
/usr/include/bits/types.h:45:27: error: storage class specified for parameter â€˜__uint64_tâ€™
   45 | typedef unsigned long int __uint64_t;
      |                           ^~~~~~~~~~
/usr/include/bits/types.h:52:18: error: expected â€˜=â€™, â€˜,â€™, â€˜;â€™, â€˜asmâ€™ or â€˜__attribute__â€™ before â€˜__int_least8_tâ€™
   52 | typedef __int8_t __int_least8_t;
      |                  ^~~~~~~~~~~~~~
/usr/include/bits/types.h:53:19: error: expected â€˜=â€™, â€˜,â€™, â€˜;â€™, â€˜asmâ€™ or â€˜__attribute__â€™ before â€˜__uint_least8_tâ€™
   53 | typedef __uint8_t __uint_least8_t;
      |                   ^~~~~~~~~~~~~~~
/usr/include/bits/types.h:54:19: error: expected â€˜=â€™, â€˜,â€™, â€˜;â€™, â€˜asmâ€™ or â€˜__attribute__â€™ before â€˜__int_least16_tâ€™
   54 | typedef __int16_t __int_least16_t;
      |                   ^~~~~~~~~~~~~~~
/usr/include/bits/types.h:55:20: error: expected â€˜=â€™, â€˜,â€™, â€˜;â€™, â€˜asmâ€™ or â€˜__attribute__â€™ before â€˜__uint_least16_tâ€™
   55 | typedef __uint16_t __uint_least16_t;
      |                    ^~~~~~~~~~~~~~~~
/usr/include/bits/types.h:56:19: error: expected â€˜=â€™, â€˜,â€™, â€˜;â€™, â€˜asmâ€™ or â€˜__attribute__â€™ before â€˜__int_least32_tâ€™
   56 | typedef __int32_t __int_least32_t;
      |                   ^~~~~~~~~~~~~~~
/usr/include/bits/types.h:57:20: error: expected â€˜=â€™, â€˜,â€™, â€˜;â€™, â€˜asmâ€™ or â€˜__attribute__â€™ before â€˜__uint_least32_tâ€™
   57 | typedef __uint32_t __uint_least32_t;
      |                    ^~~~~~~~~~~~~~~~
/usr/include/bits/types.h:58:19: error: expected â€˜=â€™, â€˜,â€™, â€˜;â€™, â€˜asmâ€™ or â€˜__attribute__â€™ before â€˜__int_least64_tâ€™
   58 | typedef __int64_t __int_least64_t;
      |                   ^~~~~~~~~~~~~~~
/usr/include/bits/types.h:59:20: error: expected â€˜=â€™, â€˜,â€™, â€˜;â€™, â€˜asmâ€™ or â€˜__attribute__â€™ before â€˜__uint_least64_tâ€™
   59 | typedef __uint64_t __uint_least64_t;
      |                    ^~~~~~~~~~~~~~~~
/usr/include/bits/types.h:63:18: error: storage class specified for parameter â€˜__quad_tâ€™
   63 | typedef long int __quad_t;
      |                  ^~~~~~~~
/usr/include/bits/types.h:64:27: error: storage class specified for parameter â€˜__u_quad_tâ€™
   64 | typedef unsigned long int __u_quad_t;
      |                           ^~~~~~~~~~
/usr/include/bits/types.h:72:18: error: storage class specified for parameter â€˜__intmax_tâ€™
   72 | typedef long int __intmax_t;
      |                  ^~~~~~~~~~
/usr/include/bits/types.h:73:27: error: storage class specified for parameter â€˜__uintmax_tâ€™
   73 | typedef unsigned long int __uintmax_t;
      |                           ^~~~~~~~~~~
/usr/include/bits/types.h:145:25: error: storage class specified for parameter â€˜__dev_tâ€™
  145 | __STD_TYPE __DEV_T_TYPE __dev_t;        /* Type of device numbers.  */
      |                         ^~~~~~~
/usr/include/bits/types.h:146:25: error: storage class specified for parameter â€˜__uid_tâ€™
  146 | __STD_TYPE __UID_T_TYPE __uid_t;        /* Type of user identifications.  */
      |                         ^~~~~~~
/usr/include/bits/types.h:147:25: error: storage class specified for parameter â€˜__gid_tâ€™
  147 | __STD_TYPE __GID_T_TYPE __gid_t;        /* Type of group identifications.  */
      |                         ^~~~~~~
/usr/include/bits/types.h:148:25: error: storage class specified for parameter â€˜__ino_tâ€™
  148 | __STD_TYPE __INO_T_TYPE __ino_t;        /* Type of file serial numbers.  */
      |                         ^~~~~~~
/usr/include/bits/types.h:149:27: error: storage class specified for parameter â€˜__ino64_tâ€™
  149 | __STD_TYPE __INO64_T_TYPE __ino64_t;    /* Type of file serial numbers (LFS).*/
      |                           ^~~~~~~~~
/usr/include/bits/types.h:150:26: error: storage class specified for parameter â€˜__mode_tâ€™
  150 | __STD_TYPE __MODE_T_TYPE __mode_t;      /* Type of file attribute bitmasks.  */
      |                          ^~~~~~~~
/usr/include/bits/types.h:151:27: error: storage class specified for parameter â€˜__nlink_tâ€™
  151 | __STD_TYPE __NLINK_T_TYPE __nlink_t;    /* Type of file link counts.  */
      |                           ^~~~~~~~~
/usr/include/bits/types.h:152:25: error: storage class specified for parameter â€˜__off_tâ€™
  152 | __STD_TYPE __OFF_T_TYPE __off_t;        /* Type of file sizes and offsets.  */
      |                         ^~~~~~~
/usr/include/bits/types.h:153:27: error: storage class specified for parameter â€˜__off64_tâ€™
  153 | __STD_TYPE __OFF64_T_TYPE __off64_t;    /* Type of file sizes and offsets (LFS).  */
      |                           ^~~~~~~~~
/usr/include/bits/types.h:154:25: error: storage class specified for parameter â€˜__pid_tâ€™
  154 | __STD_TYPE __PID_T_TYPE __pid_t;        /* Type of process identifications.  */
      |                         ^~~~~~~
/usr/include/bits/types.h:155:26: error: storage class specified for parameter â€˜__fsid_tâ€™
  155 | __STD_TYPE __FSID_T_TYPE __fsid_t;      /* Type of file system IDs.  */
      |                          ^~~~~~~~
/usr/include/bits/types.h:156:27: error: storage class specified for parameter â€˜__clock_tâ€™
  156 | __STD_TYPE __CLOCK_T_TYPE __clock_t;    /* Type of CPU usage counts.  */
      |                           ^~~~~~~~~
/usr/include/bits/types.h:157:26: error: storage class specified for parameter â€˜__rlim_tâ€™
  157 | __STD_TYPE __RLIM_T_TYPE __rlim_t;      /* Type for resource measurement.  */
      |                          ^~~~~~~~
/usr/include/bits/types.h:158:28: error: storage class specified for parameter â€˜__rlim64_tâ€™
  158 | __STD_TYPE __RLIM64_T_TYPE __rlim64_t;  /* Type for resource measurement (LFS).  */
      |                            ^~~~~~~~~~
/usr/include/bits/types.h:159:24: error: storage class specified for parameter â€˜__id_tâ€™
  159 | __STD_TYPE __ID_T_TYPE __id_t;          /* General type for IDs.  */
      |                        ^~~~~~
/usr/include/bits/types.h:160:26: error: storage class specified for parameter â€˜__time_tâ€™
  160 | __STD_TYPE __TIME_T_TYPE __time_t;      /* Seconds since the Epoch.  */
      |                          ^~~~~~~~
/usr/include/bits/types.h:161:30: error: storage class specified for parameter â€˜__useconds_tâ€™
  161 | __STD_TYPE __USECONDS_T_TYPE __useconds_t; /* Count of microseconds.  */
      |                              ^~~~~~~~~~~~
/usr/include/bits/types.h:162:31: error: storage class specified for parameter â€˜__suseconds_tâ€™
  162 | __STD_TYPE __SUSECONDS_T_TYPE __suseconds_t; /* Signed count of microseconds.  */
      |                               ^~~~~~~~~~~~~
/usr/include/bits/types.h:163:33: error: storage class specified for parameter â€˜__suseconds64_tâ€™
  163 | __STD_TYPE __SUSECONDS64_T_TYPE __suseconds64_t;
      |                                 ^~~~~~~~~~~~~~~
/usr/include/bits/types.h:165:27: error: storage class specified for parameter â€˜__daddr_tâ€™
  165 | __STD_TYPE __DADDR_T_TYPE __daddr_t;    /* The type of a disk address.  */
      |                           ^~~~~~~~~
/usr/include/bits/types.h:166:25: error: storage class specified for parameter â€˜__key_tâ€™
  166 | __STD_TYPE __KEY_T_TYPE __key_t;        /* Type of an IPC key.  */
      |                         ^~~~~~~
/usr/include/bits/types.h:169:29: error: storage class specified for parameter â€˜__clockid_tâ€™
  169 | __STD_TYPE __CLOCKID_T_TYPE __clockid_t;
      |                             ^~~~~~~~~~~
/usr/include/bits/types.h:172:27: error: storage class specified for parameter â€˜__timer_tâ€™
  172 | __STD_TYPE __TIMER_T_TYPE __timer_t;
      |                           ^~~~~~~~~
/usr/include/bits/types.h:175:29: error: storage class specified for parameter â€˜__blksize_tâ€™
  175 | __STD_TYPE __BLKSIZE_T_TYPE __blksize_t;
      |                             ^~~~~~~~~~~
/usr/include/bits/types.h:180:28: error: storage class specified for parameter â€˜__blkcnt_tâ€™
  180 | __STD_TYPE __BLKCNT_T_TYPE __blkcnt_t;
      |                            ^~~~~~~~~~
/usr/include/bits/types.h:181:30: error: storage class specified for parameter â€˜__blkcnt64_tâ€™
  181 | __STD_TYPE __BLKCNT64_T_TYPE __blkcnt64_t;
      |                              ^~~~~~~~~~~~
/usr/include/bits/types.h:184:30: error: storage class specified for parameter â€˜__fsblkcnt_tâ€™
  184 | __STD_TYPE __FSBLKCNT_T_TYPE __fsblkcnt_t;
      |                              ^~~~~~~~~~~~
/usr/include/bits/types.h:185:32: error: storage class specified for parameter â€˜__fsblkcnt64_tâ€™
  185 | __STD_TYPE __FSBLKCNT64_T_TYPE __fsblkcnt64_t;
      |                                ^~~~~~~~~~~~~~
/usr/include/bits/types.h:188:30: error: storage class specified for parameter â€˜__fsfilcnt_tâ€™
  188 | __STD_TYPE __FSFILCNT_T_TYPE __fsfilcnt_t;
      |                              ^~~~~~~~~~~~
/usr/include/bits/types.h:189:32: error: storage class specified for parameter â€˜__fsfilcnt64_tâ€™
  189 | __STD_TYPE __FSFILCNT64_T_TYPE __fsfilcnt64_t;
      |                                ^~~~~~~~~~~~~~
/usr/include/bits/types.h:192:28: error: storage class specified for parameter â€˜__fsword_tâ€™
  192 | __STD_TYPE __FSWORD_T_TYPE __fsword_t;
      |                            ^~~~~~~~~~
/usr/include/bits/types.h:194:27: error: storage class specified for parameter â€˜__ssize_tâ€™
  194 | __STD_TYPE __SSIZE_T_TYPE __ssize_t; /* Type of a byte count, or error.  */
      |                           ^~~~~~~~~
/usr/include/bits/types.h:197:33: error: storage class specified for parameter â€˜__syscall_slong_tâ€™
  197 | __STD_TYPE __SYSCALL_SLONG_TYPE __syscall_slong_t;
      |                                 ^~~~~~~~~~~~~~~~~
/usr/include/bits/types.h:199:33: error: storage class specified for parameter â€˜__syscall_ulong_tâ€™
  199 | __STD_TYPE __SYSCALL_ULONG_TYPE __syscall_ulong_t;
      |                                 ^~~~~~~~~~~~~~~~~
/usr/include/bits/types.h:203:19: error: expected â€˜=â€™, â€˜,â€™, â€˜;â€™, â€˜asmâ€™ or â€˜__attribute__â€™ before â€˜__loff_tâ€™
  203 | typedef __off64_t __loff_t;     /* Type of file sizes and offsets (LFS).  */
      |                   ^~~~~~~~
/usr/include/bits/types.h:204:15: error: storage class specified for parameter â€˜__caddr_tâ€™
  204 | typedef char *__caddr_t;
      |               ^~~~~~~~~
/usr/include/bits/types.h:207:25: error: storage class specified for parameter â€˜__intptr_tâ€™
  207 | __STD_TYPE __SWORD_TYPE __intptr_t;
      |                         ^~~~~~~~~~
/usr/include/bits/types.h:210:23: error: storage class specified for parameter â€˜__socklen_tâ€™
  210 | __STD_TYPE __U32_TYPE __socklen_t;
      |                       ^~~~~~~~~~~
/usr/include/bits/types.h:215:13: error: storage class specified for parameter â€˜__sig_atomic_tâ€™
  215 | typedef int __sig_atomic_t;
      |             ^~~~~~~~~~~~~~
In file included from /usr/include/bits/types/__fpos_t.h:5,
                 from /usr/include/stdio.h:39:
/usr/include/bits/types/__mbstate_t.h:21:3: error: storage class specified for parameter â€˜__mbstate_tâ€™
   21 | } __mbstate_t;
      |   ^~~~~~~~~~~
/usr/include/bits/types/__fpos_t.h:12:3: error: expected specifier-qualifier-list before â€˜__off_tâ€™
   12 |   __off_t __pos;
      |   ^~~~~~~
/usr/include/bits/types/__fpos_t.h:14:3: error: storage class specified for parameter â€˜__fpos_tâ€™
   14 | } __fpos_t;
      |   ^~~~~~~~
In file included from /usr/include/stdio.h:40:
/usr/include/bits/types/__fpos64_t.h:12:3: error: expected specifier-qualifier-list before â€˜__off64_tâ€™
   12 |   __off64_t __pos;
      |   ^~~~~~~~~
/usr/include/bits/types/__fpos64_t.h:14:3: error: storage class specified for parameter â€˜__fpos64_tâ€™
   14 | } __fpos64_t;
      |   ^~~~~~~~~~
In file included from /usr/include/stdio.h:41:
/usr/include/bits/types/__FILE.h:5:25: error: storage class specified for parameter â€˜__FILEâ€™
    5 | typedef struct _IO_FILE __FILE;
      |                         ^~~~~~
In file included from /usr/include/stdio.h:42:
/usr/include/bits/types/FILE.h:7:25: error: storage class specified for parameter â€˜FILEâ€™
    7 | typedef struct _IO_FILE FILE;
      |                         ^~~~
In file included from /usr/include/stdio.h:43:
/usr/include/bits/types/struct_FILE.h:43:14: error: storage class specified for parameter â€˜_IO_lock_tâ€™
   43 | typedef void _IO_lock_t;
      |              ^~~~~~~~~~
/usr/include/bits/types/struct_FILE.h:74:3: error: expected specifier-qualifier-list before â€˜__off_tâ€™
   74 |   __off_t _old_offset; /* This used to be _offset but it's too small.  */
      |   ^~~~~~~
/usr/include/stdio.h:52:24: error: expected â€˜=â€™, â€˜,â€™, â€˜;â€™, â€˜asmâ€™ or â€˜__attribute__â€™ before â€˜va_listâ€™
   52 | typedef __gnuc_va_list va_list;
      |                        ^~~~~~~
/usr/include/stdio.h:63:17: error: expected â€˜=â€™, â€˜,â€™, â€˜;â€™, â€˜asmâ€™ or â€˜__attribute__â€™ before â€˜off_tâ€™
   63 | typedef __off_t off_t;
      |                 ^~~~~
/usr/include/stdio.h:77:19: error: expected â€˜=â€™, â€˜,â€™, â€˜;â€™, â€˜asmâ€™ or â€˜__attribute__â€™ before â€˜ssize_tâ€™
   77 | typedef __ssize_t ssize_t;
      |                   ^~~~~~~
/usr/include/stdio.h:84:18: error: expected â€˜=â€™, â€˜,â€™, â€˜;â€™, â€˜asmâ€™ or â€˜__attribute__â€™ before â€˜fpos_tâ€™
   84 | typedef __fpos_t fpos_t;
      |                  ^~~~~~
/usr/include/stdio.h:143:13: error: expected â€˜=â€™, â€˜,â€™, â€˜;â€™, â€˜asmâ€™ or â€˜__attribute__â€™ before â€˜*â€™ token
  143 | extern FILE *stdin;             /* Standard input stream.  */
      |             ^
/usr/include/stdio.h:144:13: error: expected â€˜=â€™, â€˜,â€™, â€˜;â€™, â€˜asmâ€™ or â€˜__attribute__â€™ before â€˜*â€™ token
  144 | extern FILE *stdout;            /* Standard output stream.  */
      |             ^
/usr/include/stdio.h:145:13: error: expected â€˜=â€™, â€˜,â€™, â€˜;â€™, â€˜asmâ€™ or â€˜__attribute__â€™ before â€˜*â€™ token
  145 | extern FILE *stderr;            /* Standard error output stream.  */
      |             ^
/usr/include/stdio.h:152:12: error: storage class specified for parameter â€˜removeâ€™
  152 | extern int remove (const char *__filename) __THROW;
      |            ^~~~~~
/usr/include/stdio.h:154:12: error: storage class specified for parameter â€˜renameâ€™
  154 | extern int rename (const char *__old, const char *__new) __THROW;
      |            ^~~~~~
/usr/include/stdio.h:158:12: error: storage class specified for parameter â€˜renameatâ€™
  158 | extern int renameat (int __oldfd, const char *__old, int __newfd,
      |            ^~~~~~~~
/usr/include/stdio.h:178:20: error: expected declaration specifiers or â€˜...â€™ before â€˜FILEâ€™
  178 | extern int fclose (FILE *__stream);
      |                    ^~~~
/usr/include/stdio.h:188:13: error: expected â€˜=â€™, â€˜,â€™, â€˜;â€™, â€˜asmâ€™ or â€˜__attribute__â€™ before â€˜*â€™ token
  188 | extern FILE *tmpfile (void)
      |             ^
/usr/include/stdio.h:205:14: error: storage class specified for parameter â€˜tmpnamâ€™
  205 | extern char *tmpnam (char[L_tmpnam]) __THROW __wur;
      |              ^~~~~~
/usr/include/stdio.h:210:14: error: storage class specified for parameter â€˜tmpnam_râ€™
  210 | extern char *tmpnam_r (char __s[L_tmpnam]) __THROW __wur;
      |              ^~~~~~~~
/usr/include/stdio.h:222:14: error: storage class specified for parameter â€˜tempnamâ€™
  222 | extern char *tempnam (const char *__dir, const char *__pfx)
      |              ^~~~~~~
/usr/include/stdio.h:230:20: error: expected declaration specifiers or â€˜...â€™ before â€˜FILEâ€™
  230 | extern int fflush (FILE *__stream);
      |                    ^~~~
/usr/include/stdio.h:239:29: error: expected declaration specifiers or â€˜...â€™ before â€˜FILEâ€™
  239 | extern int fflush_unlocked (FILE *__stream);
      |                             ^~~~
/usr/include/stdio.h:258:13: error: expected â€˜=â€™, â€˜,â€™, â€˜;â€™, â€˜asmâ€™ or â€˜__attribute__â€™ before â€˜*â€™ token
  258 | extern FILE *fopen (const char *__restrict __filename,
      |             ^
/usr/include/stdio.h:265:13: error: expected â€˜=â€™, â€˜,â€™, â€˜;â€™, â€˜asmâ€™ or â€˜__attribute__â€™ before â€˜*â€™ token
  265 | extern FILE *freopen (const char *__restrict __filename,
      |             ^
/usr/include/stdio.h:293:13: error: expected â€˜=â€™, â€˜,â€™, â€˜;â€™, â€˜asmâ€™ or â€˜__attribute__â€™ before â€˜*â€™ token
  293 | extern FILE *fdopen (int __fd, const char *__modes) __THROW
      |             ^
/usr/include/stdio.h:308:13: error: expected â€˜=â€™, â€˜,â€™, â€˜;â€™, â€˜asmâ€™ or â€˜__attribute__â€™ before â€˜*â€™ token
  308 | extern FILE *fmemopen (void *__s, size_t __len, const char *__modes)
      |             ^
/usr/include/stdio.h:314:13: error: expected â€˜=â€™, â€˜,â€™, â€˜;â€™, â€˜asmâ€™ or â€˜__attribute__â€™ before â€˜*â€™ token
  314 | extern FILE *open_memstream (char **__bufloc, size_t *__sizeloc) __THROW
      |             ^
/usr/include/stdio.h:328:21: error: expected declaration specifiers or â€˜...â€™ before â€˜FILEâ€™
  328 | extern void setbuf (FILE *__restrict __stream, char *__restrict __buf) __THROW;
      |                     ^~~~
/usr/include/stdio.h:332:21: error: expected declaration specifiers or â€˜...â€™ before â€˜FILEâ€™
  332 | extern int setvbuf (FILE *__restrict __stream, char *__restrict __buf,
      |                     ^~~~
/usr/include/stdio.h:333:34: error: expected declaration specifiers or â€˜...â€™ before â€˜size_tâ€™
  333 |                     int __modes, size_t __n) __THROW;
      |                                  ^~~~~~
/usr/include/stdio.h:338:24: error: expected declaration specifiers or â€˜...â€™ before â€˜FILEâ€™
  338 | extern void setbuffer (FILE *__restrict __stream, char *__restrict __buf,
      |                        ^~~~
/usr/include/stdio.h:339:24: error: expected declaration specifiers or â€˜...â€™ before â€˜size_tâ€™
  339 |                        size_t __size) __THROW;
      |                        ^~~~~~
/usr/include/stdio.h:342:25: error: expected declaration specifiers or â€˜...â€™ before â€˜FILEâ€™
  342 | extern void setlinebuf (FILE *__stream) __THROW;
      |                         ^~~~
/usr/include/stdio.h:350:21: error: expected declaration specifiers or â€˜...â€™ before â€˜FILEâ€™
  350 | extern int fprintf (FILE *__restrict __stream,
      |                     ^~~~
/usr/include/stdio.h:356:12: error: storage class specified for parameter â€˜printfâ€™
  356 | extern int printf (const char *__restrict __format, ...);
      |            ^~~~~~
/usr/include/stdio.h:358:12: error: storage class specified for parameter â€˜sprintfâ€™
  358 | extern int sprintf (char *__restrict __s,
      |            ^~~~~~~
/usr/include/stdio.h:365:22: error: expected declaration specifiers or â€˜...â€™ before â€˜FILEâ€™
  365 | extern int vfprintf (FILE *__restrict __s, const char *__restrict __format,
      |                      ^~~~
/usr/include/stdio.h:366:22: error: expected declaration specifiers or â€˜...â€™ before â€˜__gnuc_va_listâ€™
  366 |                      __gnuc_va_list __arg);
      |                      ^~~~~~~~~~~~~~
/usr/include/stdio.h:371:54: error: expected declaration specifiers or â€˜...â€™ before â€˜__gnuc_va_listâ€™
  371 | extern int vprintf (const char *__restrict __format, __gnuc_va_list __arg);
      |                                                      ^~~~~~~~~~~~~~
/usr/include/stdio.h:374:22: error: expected declaration specifiers or â€˜...â€™ before â€˜__gnuc_va_listâ€™
  374 |                      __gnuc_va_list __arg) __THROWNL;
      |                      ^~~~~~~~~~~~~~
/usr/include/stdio.h:378:44: error: expected declaration specifiers or â€˜...â€™ before â€˜size_tâ€™
  378 | extern int snprintf (char *__restrict __s, size_t __maxlen,
      |                                            ^~~~~~
/usr/include/stdio.h:382:45: error: expected declaration specifiers or â€˜...â€™ before â€˜size_tâ€™
  382 | extern int vsnprintf (char *__restrict __s, size_t __maxlen,
      |                                             ^~~~~~
/usr/include/stdio.h:383:56: error: expected declaration specifiers or â€˜...â€™ before â€˜__gnuc_va_listâ€™
  383 |                       const char *__restrict __format, __gnuc_va_list __arg)
      |                                                        ^~~~~~~~~~~~~~
/usr/include/stdio.h:404:22: error: expected declaration specifiers or â€˜...â€™ before â€˜__gnuc_va_listâ€™
  404 |                      __gnuc_va_list __arg)
      |                      ^~~~~~~~~~~~~~
/usr/include/stdio.h:406:12: error: storage class specified for parameter â€˜dprintfâ€™
  406 | extern int dprintf (int __fd, const char *__restrict __fmt, ...)
      |            ^~~~~~~
/usr/include/stdio.h:415:20: error: expected declaration specifiers or â€˜...â€™ before â€˜FILEâ€™
  415 | extern int fscanf (FILE *__restrict __stream,
      |                    ^~~~
/usr/include/stdio.h:421:12: error: storage class specified for parameter â€˜scanfâ€™
  421 | extern int scanf (const char *__restrict __format, ...) __wur;
      |            ^~~~~
/usr/include/stdio.h:423:12: error: storage class specified for parameter â€˜sscanfâ€™
  423 | extern int sscanf (const char *__restrict __s,
      |            ^~~~~~
In file included from /usr/include/features.h:490,
                 from /usr/include/assert.h:35:
/usr/include/stdio.h:434:12: error: expected declaration specifiers or â€˜...â€™ before â€˜FILEâ€™
  434 | extern int __REDIRECT (fscanf, (FILE *__restrict __stream,
      |            ^~~~~~~~~~
/usr/include/stdio.h:437:12: error: storage class specified for parameter â€˜scanfâ€™
  437 | extern int __REDIRECT (scanf, (const char *__restrict __format, ...),
      |            ^~~~~~~~~~
/usr/include/stdio.h:437:12: error: redefinition of parameter â€˜scanfâ€™
/usr/include/stdio.h:421:12: note: previous definition of â€˜scanfâ€™ with type â€˜int (*)(const char * restrict, ...)â€™
  421 | extern int scanf (const char *__restrict __format, ...) __wur;
      |            ^~~~~
/usr/include/stdio.h:439:12: error: storage class specified for parameter â€˜sscanfâ€™
  439 | extern int __REDIRECT_NTH (sscanf, (const char *__restrict __s,
      |            ^~~~~~~~~~~~~~
/usr/include/stdio.h:439:12: error: redefinition of parameter â€˜sscanfâ€™
/usr/include/stdio.h:423:12: note: previous definition of â€˜sscanfâ€™ with type â€˜int (*)(const char * restrict,  const char * restrict, ...)â€™
  423 | extern int sscanf (const char *__restrict __s,
      |            ^~~~~~
/usr/include/stdio.h:459:21: error: expected declaration specifiers or â€˜...â€™ before â€˜FILEâ€™
  459 | extern int vfscanf (FILE *__restrict __s, const char *__restrict __format,
      |                     ^~~~
/usr/include/stdio.h:460:21: error: expected declaration specifiers or â€˜...â€™ before â€˜__gnuc_va_listâ€™
  460 |                     __gnuc_va_list __arg)
      |                     ^~~~~~~~~~~~~~
/usr/include/stdio.h:467:53: error: expected declaration specifiers or â€˜...â€™ before â€˜__gnuc_va_listâ€™
  467 | extern int vscanf (const char *__restrict __format, __gnuc_va_list __arg)
      |                                                     ^~~~~~~~~~~~~~
/usr/include/stdio.h:472:54: error: expected declaration specifiers or â€˜...â€™ before â€˜__gnuc_va_listâ€™
  472 |                     const char *__restrict __format, __gnuc_va_list __arg)
      |                                                      ^~~~~~~~~~~~~~
/usr/include/stdio.h:479:12: error: expected declaration specifiers or â€˜...â€™ before â€˜FILEâ€™
  479 | extern int __REDIRECT (vfscanf,
      |            ^~~~~~~~~~
/usr/include/stdio.h:479:12: error: expected declaration specifiers or â€˜...â€™ before â€˜__gnuc_va_listâ€™
  479 | extern int __REDIRECT (vfscanf,
      |            ^~~~~~~~~~
/usr/include/stdio.h:484:12: error: expected declaration specifiers or â€˜...â€™ before â€˜__gnuc_va_listâ€™
  484 | extern int __REDIRECT (vscanf, (const char *__restrict __format,
      |            ^~~~~~~~~~
/usr/include/stdio.h:487:12: error: expected declaration specifiers or â€˜...â€™ before â€˜__gnuc_va_listâ€™
  487 | extern int __REDIRECT_NTH (vsscanf,
      |            ^~~~~~~~~~~~~~
/usr/include/stdio.h:513:19: error: expected declaration specifiers or â€˜...â€™ before â€˜FILEâ€™
  513 | extern int fgetc (FILE *__stream);
      |                   ^~~~
/usr/include/stdio.h:514:18: error: expected declaration specifiers or â€˜...â€™ before â€˜FILEâ€™
  514 | extern int getc (FILE *__stream);
      |                  ^~~~
/usr/include/stdio.h:520:12: error: storage class specified for parameter â€˜getcharâ€™
  520 | extern int getchar (void);
      |            ^~~~~~~
/usr/include/stdio.h:527:27: error: expected declaration specifiers or â€˜...â€™ before â€˜FILEâ€™
  527 | extern int getc_unlocked (FILE *__stream);
      |                           ^~~~
/usr/include/stdio.h:528:12: error: storage class specified for parameter â€˜getchar_unlockedâ€™
  528 | extern int getchar_unlocked (void);
      |            ^~~~~~~~~~~~~~~~
/usr/include/stdio.h:538:28: error: expected declaration specifiers or â€˜...â€™ before â€˜FILEâ€™
  538 | extern int fgetc_unlocked (FILE *__stream);
      |                            ^~~~
/usr/include/stdio.h:549:28: error: expected declaration specifiers or â€˜...â€™ before â€˜FILEâ€™
  549 | extern int fputc (int __c, FILE *__stream);
      |                            ^~~~
/usr/include/stdio.h:550:27: error: expected declaration specifiers or â€˜...â€™ before â€˜FILEâ€™
  550 | extern int putc (int __c, FILE *__stream);
      |                           ^~~~
/usr/include/stdio.h:556:12: error: storage class specified for parameter â€˜putcharâ€™
  556 | extern int putchar (int __c);
      |            ^~~~~~~
/usr/include/stdio.h:565:37: error: expected declaration specifiers or â€˜...â€™ before â€˜FILEâ€™
  565 | extern int fputc_unlocked (int __c, FILE *__stream);
      |                                     ^~~~
/usr/include/stdio.h:573:36: error: expected declaration specifiers or â€˜...â€™ before â€˜FILEâ€™
  573 | extern int putc_unlocked (int __c, FILE *__stream);
      |                                    ^~~~
/usr/include/stdio.h:574:12: error: storage class specified for parameter â€˜putchar_unlockedâ€™
  574 | extern int putchar_unlocked (int __c);
      |            ^~~~~~~~~~~~~~~~
/usr/include/stdio.h:581:18: error: expected declaration specifiers or â€˜...â€™ before â€˜FILEâ€™
  581 | extern int getw (FILE *__stream);
      |                  ^~~~
/usr/include/stdio.h:584:27: error: expected declaration specifiers or â€˜...â€™ before â€˜FILEâ€™
  584 | extern int putw (int __w, FILE *__stream);
      |                           ^~~~
/usr/include/stdio.h:592:52: error: expected declaration specifiers or â€˜...â€™ before â€˜FILEâ€™
  592 | extern char *fgets (char *__restrict __s, int __n, FILE *__restrict __stream)
      |                                                    ^~~~
/usr/include/stdio.h:632:18: error: expected â€˜=â€™, â€˜,â€™, â€˜;â€™, â€˜asmâ€™ or â€˜__attribute__â€™ before â€˜__getdelimâ€™
  632 | extern __ssize_t __getdelim (char **__restrict __lineptr,
      |                  ^~~~~~~~~~
/usr/include/stdio.h:635:18: error: expected â€˜=â€™, â€˜,â€™, â€˜;â€™, â€˜asmâ€™ or â€˜__attribute__â€™ before â€˜getdelimâ€™
  635 | extern __ssize_t getdelim (char **__restrict __lineptr,
      |                  ^~~~~~~~
/usr/include/stdio.h:645:18: error: expected â€˜=â€™, â€˜,â€™, â€˜;â€™, â€˜asmâ€™ or â€˜__attribute__â€™ before â€˜getlineâ€™
  645 | extern __ssize_t getline (char **__restrict __lineptr,
      |                  ^~~~~~~
/usr/include/stdio.h:655:47: error: expected declaration specifiers or â€˜...â€™ before â€˜FILEâ€™
  655 | extern int fputs (const char *__restrict __s, FILE *__restrict __stream);
      |                                               ^~~~
/usr/include/stdio.h:661:12: error: storage class specified for parameter â€˜putsâ€™
  661 | extern int puts (const char *__s);
      |            ^~~~
/usr/include/stdio.h:668:29: error: expected declaration specifiers or â€˜...â€™ before â€˜FILEâ€™
  668 | extern int ungetc (int __c, FILE *__stream);
      |                             ^~~~
/usr/include/stdio.h:675:15: error: expected â€˜=â€™, â€˜,â€™, â€˜;â€™, â€˜asmâ€™ or â€˜__attribute__â€™ before â€˜freadâ€™
  675 | extern size_t fread (void *__restrict __ptr, size_t __size,
      |               ^~~~~
/usr/include/stdio.h:681:15: error: expected â€˜=â€™, â€˜,â€™, â€˜;â€™, â€˜asmâ€™ or â€˜__attribute__â€™ before â€˜fwriteâ€™
  681 | extern size_t fwrite (const void *__restrict __ptr, size_t __size,
      |               ^~~~~~
/usr/include/stdio.h:702:15: error: expected â€˜=â€™, â€˜,â€™, â€˜;â€™, â€˜asmâ€™ or â€˜__attribute__â€™ before â€˜fread_unlockedâ€™
  702 | extern size_t fread_unlocked (void *__restrict __ptr, size_t __size,
      |               ^~~~~~~~~~~~~~
/usr/include/stdio.h:704:15: error: expected â€˜=â€™, â€˜,â€™, â€˜;â€™, â€˜asmâ€™ or â€˜__attribute__â€™ before â€˜fwrite_unlockedâ€™
  704 | extern size_t fwrite_unlocked (const void *__restrict __ptr, size_t __size,
      |               ^~~~~~~~~~~~~~~
/usr/include/stdio.h:713:19: error: expected declaration specifiers or â€˜...â€™ before â€˜FILEâ€™
  713 | extern int fseek (FILE *__stream, long int __off, int __whence);
      |                   ^~~~
/usr/include/stdio.h:718:24: error: expected declaration specifiers or â€˜...â€™ before â€˜FILEâ€™
  718 | extern long int ftell (FILE *__stream) __wur;
      |                        ^~~~
/usr/include/stdio.h:723:21: error: expected declaration specifiers or â€˜...â€™ before â€˜FILEâ€™
  723 | extern void rewind (FILE *__stream);
      |                     ^~~~
/usr/include/stdio.h:736:20: error: expected declaration specifiers or â€˜...â€™ before â€˜FILEâ€™
  736 | extern int fseeko (FILE *__stream, __off_t __off, int __whence);
      |                    ^~~~
/usr/include/stdio.h:736:36: error: expected declaration specifiers or â€˜...â€™ before â€˜__off_tâ€™
  736 | extern int fseeko (FILE *__stream, __off_t __off, int __whence);
      |                                    ^~~~~~~
/usr/include/stdio.h:741:16: error: expected â€˜=â€™, â€˜,â€™, â€˜;â€™, â€˜asmâ€™ or â€˜__attribute__â€™ before â€˜ftelloâ€™
  741 | extern __off_t ftello (FILE *__stream) __wur;
      |                ^~~~~~
/usr/include/stdio.h:760:21: error: expected declaration specifiers or â€˜...â€™ before â€˜FILEâ€™
  760 | extern int fgetpos (FILE *__restrict __stream, fpos_t *__restrict __pos);
      |                     ^~~~
/usr/include/stdio.h:760:48: error: unknown type name â€˜fpos_tâ€™
  760 | extern int fgetpos (FILE *__restrict __stream, fpos_t *__restrict __pos);
      |                                                ^~~~~~
/usr/include/stdio.h:431:1: note: â€˜fpos_tâ€™ is defined in header â€˜<stdio.h>â€™; did you forget to â€˜#include <stdio.h>â€™?
  430 | #include <bits/floatn.h>
  +++ |+#include <stdio.h>
  431 | #if !__GLIBC_USE (DEPRECATED_SCANF) && !defined __LDBL_COMPAT \
/usr/include/stdio.h:765:21: error: expected declaration specifiers or â€˜...â€™ before â€˜FILEâ€™
  765 | extern int fsetpos (FILE *__stream, const fpos_t *__pos);
      |                     ^~~~
/usr/include/stdio.h:765:43: error: unknown type name â€˜fpos_tâ€™
  765 | extern int fsetpos (FILE *__stream, const fpos_t *__pos);
      |                                           ^~~~~~
/usr/include/stdio.h:786:23: error: expected declaration specifiers or â€˜...â€™ before â€˜FILEâ€™
  786 | extern void clearerr (FILE *__stream) __THROW;
      |                       ^~~~
/usr/include/stdio.h:788:18: error: expected declaration specifiers or â€˜...â€™ before â€˜FILEâ€™
  788 | extern int feof (FILE *__stream) __THROW __wur;
      |                  ^~~~
/usr/include/stdio.h:790:20: error: expected declaration specifiers or â€˜...â€™ before â€˜FILEâ€™
  790 | extern int ferror (FILE *__stream) __THROW __wur;
      |                    ^~~~
/usr/include/stdio.h:794:32: error: expected declaration specifiers or â€˜...â€™ before â€˜FILEâ€™
  794 | extern void clearerr_unlocked (FILE *__stream) __THROW;
      |                                ^~~~
/usr/include/stdio.h:795:27: error: expected declaration specifiers or â€˜...â€™ before â€˜FILEâ€™
  795 | extern int feof_unlocked (FILE *__stream) __THROW __wur;
      |                           ^~~~
/usr/include/stdio.h:796:29: error: expected declaration specifiers or â€˜...â€™ before â€˜FILEâ€™
  796 | extern int ferror_unlocked (FILE *__stream) __THROW __wur;
      |                             ^~~~
/usr/include/stdio.h:804:13: error: storage class specified for parameter â€˜perrorâ€™
  804 | extern void perror (const char *__s);
      |             ^~~~~~
/usr/include/stdio.h:809:20: error: expected declaration specifiers or â€˜...â€™ before â€˜FILEâ€™
  809 | extern int fileno (FILE *__stream) __THROW __wur;
      |                    ^~~~
/usr/include/stdio.h:814:29: error: expected declaration specifiers or â€˜...â€™ before â€˜FILEâ€™
  814 | extern int fileno_unlocked (FILE *__stream) __THROW __wur;
      |                             ^~~~
/usr/include/stdio.h:823:20: error: expected declaration specifiers or â€˜...â€™ before â€˜FILEâ€™
  823 | extern int pclose (FILE *__stream);
      |                    ^~~~
/usr/include/stdio.h:829:13: error: expected â€˜=â€™, â€˜,â€™, â€˜;â€™, â€˜asmâ€™ or â€˜__attribute__â€™ before â€˜*â€™ token
  829 | extern FILE *popen (const char *__command, const char *__modes)
      |             ^
/usr/include/stdio.h:837:14: error: storage class specified for parameter â€˜ctermidâ€™
  837 | extern char *ctermid (char *__s) __THROW
      |              ^~~~~~~
/usr/include/stdio.h:867:24: error: expected declaration specifiers or â€˜...â€™ before â€˜FILEâ€™
  867 | extern void flockfile (FILE *__stream) __THROW;
      |                        ^~~~
/usr/include/stdio.h:871:26: error: expected declaration specifiers or â€˜...â€™ before â€˜FILEâ€™
  871 | extern int ftrylockfile (FILE *__stream) __THROW __wur;
      |                          ^~~~
/usr/include/stdio.h:874:26: error: expected declaration specifiers or â€˜...â€™ before â€˜FILEâ€™
  874 | extern void funlockfile (FILE *__stream) __THROW;
      |                          ^~~~
/usr/include/stdio.h:885:21: error: expected declaration specifiers or â€˜...â€™ before â€˜FILEâ€™
  885 | extern int __uflow (FILE *);
      |                     ^~~~
/usr/include/stdio.h:886:24: error: expected declaration specifiers or â€˜...â€™ before â€˜FILEâ€™
  886 | extern int __overflow (FILE *, int);
      |                        ^~~~
In file included from /usr/include/stdio.h:902:
/usr/include/bits/stdio.h:39:40: error: expected declaration specifiers or â€˜...â€™ before â€˜__gnuc_va_listâ€™
   39 | vprintf (const char *__restrict __fmt, __gnuc_va_list __arg)
      |                                        ^~~~~~~~~~~~~~
/usr/include/bits/stdio.h:48:1: error: expected â€˜=â€™, â€˜,â€™, â€˜;â€™, â€˜asmâ€™ or â€˜__attribute__â€™ before â€˜{â€™ token
   48 | {
      | ^
/usr/include/bits/stdio.h:56:17: error: expected declaration specifiers or â€˜...â€™ before â€˜FILEâ€™
   56 | fgetc_unlocked (FILE *__fp)
      |                 ^~~~
/usr/include/bits/stdio.h:66:16: error: expected declaration specifiers or â€˜...â€™ before â€˜FILEâ€™
   66 | getc_unlocked (FILE *__fp)
      |                ^~~~
/usr/include/bits/stdio.h:74:1: error: expected â€˜=â€™, â€˜,â€™, â€˜;â€™, â€˜asmâ€™ or â€˜__attribute__â€™ before â€˜{â€™ token
   74 | {
      | ^
/usr/include/bits/stdio.h:83:1: error: expected â€˜=â€™, â€˜,â€™, â€˜;â€™, â€˜asmâ€™ or â€˜__attribute__â€™ before â€˜{â€™ token
   83 | {
      | ^
/usr/include/bits/stdio.h:91:26: error: expected declaration specifiers or â€˜...â€™ before â€˜FILEâ€™
   91 | fputc_unlocked (int __c, FILE *__stream)
      |                          ^~~~
/usr/include/bits/stdio.h:101:25: error: expected declaration specifiers or â€˜...â€™ before â€˜FILEâ€™
  101 | putc_unlocked (int __c, FILE *__stream)
      |                         ^~~~
/usr/include/bits/stdio.h:109:1: error: expected â€˜=â€™, â€˜,â€™, â€˜;â€™, â€˜asmâ€™ or â€˜__attribute__â€™ before â€˜{â€™ token
  109 | {
      | ^
/usr/include/bits/stdio.h:128:1: error: expected declaration specifiers or â€˜...â€™ before â€˜FILEâ€™
  128 | __NTH (feof_unlocked (FILE *__stream))
      | ^~~~~
/usr/include/bits/stdio.h:135:1: error: expected declaration specifiers or â€˜...â€™ before â€˜FILEâ€™
  135 | __NTH (ferror_unlocked (FILE *__stream))
      | ^~~~~
map/test/uint64_t/test.c:7:1: error: expected â€˜=â€™, â€˜,â€™, â€˜;â€™, â€˜asmâ€™ or â€˜__attribute__â€™ before â€˜{â€™ token
    7 | {
      | ^
In file included from map/test/uint64_t/test.c:1:
map/test/uint64_t/map.h:4:1: error: type of â€˜mapâ€™ defaults to â€˜intâ€™ [-Werror=implicit-int]
    4 | MAKE_MAP_HEADER(map, uint64_t, uint64_t)
      | ^~~~~~~~~~~~~~~
map/test/uint64_t/map.h:4:1: error: type of â€˜uint64_tâ€™ defaults to â€˜intâ€™ [-Werror=implicit-int]
map/test/uint64_t/map.h:4:1: error: multiple parameters named â€˜uint64_tâ€™
/usr/include/stdio.h:837:14: error: declaration for parameter â€˜ctermidâ€™ but no such parameter
  837 | extern char *ctermid (char *__s) __THROW
      |              ^~~~~~~
/usr/include/stdio.h:804:13: error: declaration for parameter â€˜perrorâ€™ but no such parameter
  804 | extern void perror (const char *__s);
      |             ^~~~~~
/usr/include/stdio.h:661:12: error: declaration for parameter â€˜putsâ€™ but no such parameter
  661 | extern int puts (const char *__s);
      |            ^~~~
/usr/include/stdio.h:574:12: error: declaration for parameter â€˜putchar_unlockedâ€™ but no such parameter
  574 | extern int putchar_unlocked (int __c);
      |            ^~~~~~~~~~~~~~~~
/usr/include/stdio.h:556:12: error: declaration for parameter â€˜putcharâ€™ but no such parameter
  556 | extern int putchar (int __c);
      |            ^~~~~~~
/usr/include/stdio.h:528:12: error: declaration for parameter â€˜getchar_unlockedâ€™ but no such parameter
  528 | extern int getchar_unlocked (void);
      |            ^~~~~~~~~~~~~~~~
/usr/include/stdio.h:520:12: error: declaration for parameter â€˜getcharâ€™ but no such parameter
  520 | extern int getchar (void);
      |            ^~~~~~~
/usr/include/stdio.h:439:12: error: declaration for parameter â€˜sscanfâ€™ but no such parameter
  439 | extern int __REDIRECT_NTH (sscanf, (const char *__restrict __s,
      |            ^~~~~~~~~~~~~~
/usr/include/stdio.h:437:12: error: declaration for parameter â€˜scanfâ€™ but no such parameter
  437 | extern int __REDIRECT (scanf, (const char *__restrict __format, ...),
      |            ^~~~~~~~~~
/usr/include/stdio.h:423:12: error: declaration for parameter â€˜sscanfâ€™ but no such parameter
  423 | extern int sscanf (const char *__restrict __s,
      |            ^~~~~~
/usr/include/stdio.h:421:12: error: declaration for parameter â€˜scanfâ€™ but no such parameter
  421 | extern int scanf (const char *__restrict __format, ...) __wur;
      |            ^~~~~
/usr/include/stdio.h:406:12: error: declaration for parameter â€˜dprintfâ€™ but no such parameter
  406 | extern int dprintf (int __fd, const char *__restrict __fmt, ...)
      |            ^~~~~~~
/usr/include/stdio.h:358:12: error: declaration for parameter â€˜sprintfâ€™ but no such parameter
  358 | extern int sprintf (char *__restrict __s,
      |            ^~~~~~~
/usr/include/stdio.h:356:12: error: declaration for parameter â€˜printfâ€™ but no such parameter
  356 | extern int printf (const char *__restrict __format, ...);
      |            ^~~~~~
/usr/include/stdio.h:222:14: error: declaration for parameter â€˜tempnamâ€™ but no such parameter
  222 | extern char *tempnam (const char *__dir, const char *__pfx)
      |              ^~~~~~~
/usr/include/stdio.h:210:14: error: declaration for parameter â€˜tmpnam_râ€™ but no such parameter
  210 | extern char *tmpnam_r (char __s[L_tmpnam]) __THROW __wur;
      |              ^~~~~~~~
/usr/include/stdio.h:205:14: error: declaration for parameter â€˜tmpnamâ€™ but no such parameter
  205 | extern char *tmpnam (char[L_tmpnam]) __THROW __wur;
      |              ^~~~~~
/usr/include/stdio.h:158:12: error: declaration for parameter â€˜renameatâ€™ but no such parameter
  158 | extern int renameat (int __oldfd, const char *__old, int __newfd,
      |            ^~~~~~~~
/usr/include/stdio.h:154:12: error: declaration for parameter â€˜renameâ€™ but no such parameter
  154 | extern int rename (const char *__old, const char *__new) __THROW;
      |            ^~~~~~
/usr/include/stdio.h:152:12: error: declaration for parameter â€˜removeâ€™ but no such parameter
  152 | extern int remove (const char *__filename) __THROW;
      |            ^~~~~~
/usr/include/bits/types/struct_FILE.h:43:14: error: parameter â€˜_IO_lock_tâ€™ has incomplete type
   43 | typedef void _IO_lock_t;
      |              ^~~~~~~~~~
/usr/include/bits/types/struct_FILE.h:43:14: error: declaration for parameter â€˜_IO_lock_tâ€™ but no such parameter
/usr/include/bits/types/FILE.h:7:25: error: declaration for parameter â€˜FILEâ€™ but no such parameter
    7 | typedef struct _IO_FILE FILE;
      |                         ^~~~
/usr/include/bits/types/__FILE.h:5:25: error: declaration for parameter â€˜__FILEâ€™ but no such parameter
    5 | typedef struct _IO_FILE __FILE;
      |                         ^~~~~~
/usr/include/bits/types/__fpos64_t.h:14:3: error: declaration for parameter â€˜__fpos64_tâ€™ but no such parameter
   14 | } __fpos64_t;
      |   ^~~~~~~~~~
/usr/include/bits/types/__fpos_t.h:14:3: error: declaration for parameter â€˜__fpos_tâ€™ but no such parameter
   14 | } __fpos_t;
      |   ^~~~~~~~
/usr/include/bits/types/__mbstate_t.h:21:3: error: declaration for parameter â€˜__mbstate_tâ€™ but no such parameter
   21 | } __mbstate_t;
      |   ^~~~~~~~~~~
/usr/include/bits/types.h:215:13: error: declaration for parameter â€˜__sig_atomic_tâ€™ but no such parameter
  215 | typedef int __sig_atomic_t;
      |             ^~~~~~~~~~~~~~
/usr/include/bits/types.h:210:23: error: declaration for parameter â€˜__socklen_tâ€™ but no such parameter
  210 | __STD_TYPE __U32_TYPE __socklen_t;
      |                       ^~~~~~~~~~~
/usr/include/bits/types.h:207:25: error: declaration for parameter â€˜__intptr_tâ€™ but no such parameter
  207 | __STD_TYPE __SWORD_TYPE __intptr_t;
      |                         ^~~~~~~~~~
/usr/include/bits/types.h:204:15: error: declaration for parameter â€˜__caddr_tâ€™ but no such parameter
  204 | typedef char *__caddr_t;
      |               ^~~~~~~~~
/usr/include/bits/types.h:199:33: error: declaration for parameter â€˜__syscall_ulong_tâ€™ but no such parameter
  199 | __STD_TYPE __SYSCALL_ULONG_TYPE __syscall_ulong_t;
      |                                 ^~~~~~~~~~~~~~~~~
/usr/include/bits/types.h:197:33: error: declaration for parameter â€˜__syscall_slong_tâ€™ but no such parameter
  197 | __STD_TYPE __SYSCALL_SLONG_TYPE __syscall_slong_t;
      |                                 ^~~~~~~~~~~~~~~~~
/usr/include/bits/types.h:194:27: error: declaration for parameter â€˜__ssize_tâ€™ but no such parameter
  194 | __STD_TYPE __SSIZE_T_TYPE __ssize_t; /* Type of a byte count, or error.  */
      |                           ^~~~~~~~~
/usr/include/bits/types.h:192:28: error: declaration for parameter â€˜__fsword_tâ€™ but no such parameter
  192 | __STD_TYPE __FSWORD_T_TYPE __fsword_t;
      |                            ^~~~~~~~~~
/usr/include/bits/types.h:189:32: error: declaration for parameter â€˜__fsfilcnt64_tâ€™ but no such parameter
  189 | __STD_TYPE __FSFILCNT64_T_TYPE __fsfilcnt64_t;
      |                                ^~~~~~~~~~~~~~
/usr/include/bits/types.h:188:30: error: declaration for parameter â€˜__fsfilcnt_tâ€™ but no such parameter
  188 | __STD_TYPE __FSFILCNT_T_TYPE __fsfilcnt_t;
      |                              ^~~~~~~~~~~~
/usr/include/bits/types.h:185:32: error: declaration for parameter â€˜__fsblkcnt64_tâ€™ but no such parameter
  185 | __STD_TYPE __FSBLKCNT64_T_TYPE __fsblkcnt64_t;
      |                                ^~~~~~~~~~~~~~
/usr/include/bits/types.h:184:30: error: declaration for parameter â€˜__fsblkcnt_tâ€™ but no such parameter
  184 | __STD_TYPE __FSBLKCNT_T_TYPE __fsblkcnt_t;
      |                              ^~~~~~~~~~~~
/usr/include/bits/types.h:181:30: error: declaration for parameter â€˜__blkcnt64_tâ€™ but no such parameter
  181 | __STD_TYPE __BLKCNT64_T_TYPE __blkcnt64_t;
      |                              ^~~~~~~~~~~~
/usr/include/bits/types.h:180:28: error: declaration for parameter â€˜__blkcnt_tâ€™ but no such parameter
  180 | __STD_TYPE __BLKCNT_T_TYPE __blkcnt_t;
      |                            ^~~~~~~~~~
/usr/include/bits/types.h:175:29: error: declaration for parameter â€˜__blksize_tâ€™ but no such parameter
  175 | __STD_TYPE __BLKSIZE_T_TYPE __blksize_t;
      |                             ^~~~~~~~~~~
/usr/include/bits/types.h:172:27: error: declaration for parameter â€˜__timer_tâ€™ but no such parameter
  172 | __STD_TYPE __TIMER_T_TYPE __timer_t;
      |                           ^~~~~~~~~
/usr/include/bits/types.h:169:29: error: declaration for parameter â€˜__clockid_tâ€™ but no such parameter
  169 | __STD_TYPE __CLOCKID_T_TYPE __clockid_t;
      |                             ^~~~~~~~~~~
/usr/include/bits/types.h:166:25: error: declaration for parameter â€˜__key_tâ€™ but no such parameter
  166 | __STD_TYPE __KEY_T_TYPE __key_t;        /* Type of an IPC key.  */
      |                         ^~~~~~~
/usr/include/bits/types.h:165:27: error: declaration for parameter â€˜__daddr_tâ€™ but no such parameter
  165 | __STD_TYPE __DADDR_T_TYPE __daddr_t;    /* The type of a disk address.  */
      |                           ^~~~~~~~~
/usr/include/bits/types.h:163:33: error: declaration for parameter â€˜__suseconds64_tâ€™ but no such parameter
  163 | __STD_TYPE __SUSECONDS64_T_TYPE __suseconds64_t;
      |                                 ^~~~~~~~~~~~~~~
/usr/include/bits/types.h:162:31: error: declaration for parameter â€˜__suseconds_tâ€™ but no such parameter
  162 | __STD_TYPE __SUSECONDS_T_TYPE __suseconds_t; /* Signed count of microseconds.  */
      |                               ^~~~~~~~~~~~~
/usr/include/bits/types.h:161:30: error: declaration for parameter â€˜__useconds_tâ€™ but no such parameter
  161 | __STD_TYPE __USECONDS_T_TYPE __useconds_t; /* Count of microseconds.  */
      |                              ^~~~~~~~~~~~
/usr/include/bits/types.h:160:26: error: declaration for parameter â€˜__time_tâ€™ but no such parameter
  160 | __STD_TYPE __TIME_T_TYPE __time_t;      /* Seconds since the Epoch.  */
      |                          ^~~~~~~~
/usr/include/bits/types.h:159:24: error: declaration for parameter â€˜__id_tâ€™ but no such parameter
  159 | __STD_TYPE __ID_T_TYPE __id_t;          /* General type for IDs.  */
      |                        ^~~~~~
/usr/include/bits/types.h:158:28: error: declaration for parameter â€˜__rlim64_tâ€™ but no such parameter
  158 | __STD_TYPE __RLIM64_T_TYPE __rlim64_t;  /* Type for resource measurement (LFS).  */
      |                            ^~~~~~~~~~
/usr/include/bits/types.h:157:26: error: declaration for parameter â€˜__rlim_tâ€™ but no such parameter
  157 | __STD_TYPE __RLIM_T_TYPE __rlim_t;      /* Type for resource measurement.  */
      |                          ^~~~~~~~
/usr/include/bits/types.h:156:27: error: declaration for parameter â€˜__clock_tâ€™ but no such parameter
  156 | __STD_TYPE __CLOCK_T_TYPE __clock_t;    /* Type of CPU usage counts.  */
      |                           ^~~~~~~~~
/usr/include/bits/types.h:155:26: error: declaration for parameter â€˜__fsid_tâ€™ but no such parameter
  155 | __STD_TYPE __FSID_T_TYPE __fsid_t;      /* Type of file system IDs.  */
      |                          ^~~~~~~~
/usr/include/bits/types.h:154:25: error: declaration for parameter â€˜__pid_tâ€™ but no such parameter
  154 | __STD_TYPE __PID_T_TYPE __pid_t;        /* Type of process identifications.  */
      |                         ^~~~~~~
/usr/include/bits/types.h:153:27: error: declaration for parameter â€˜__off64_tâ€™ but no such parameter
  153 | __STD_TYPE __OFF64_T_TYPE __off64_t;    /* Type of file sizes and offsets (LFS).  */
      |                           ^~~~~~~~~
/usr/include/bits/types.h:152:25: error: declaration for parameter â€˜__off_tâ€™ but no such parameter
  152 | __STD_TYPE __OFF_T_TYPE __off_t;        /* Type of file sizes and offsets.  */
      |                         ^~~~~~~
/usr/include/bits/types.h:151:27: error: declaration for parameter â€˜__nlink_tâ€™ but no such parameter
  151 | __STD_TYPE __NLINK_T_TYPE __nlink_t;    /* Type of file link counts.  */
      |                           ^~~~~~~~~
/usr/include/bits/types.h:150:26: error: declaration for parameter â€˜__mode_tâ€™ but no such parameter
  150 | __STD_TYPE __MODE_T_TYPE __mode_t;      /* Type of file attribute bitmasks.  */
      |                          ^~~~~~~~
/usr/include/bits/types.h:149:27: error: declaration for parameter â€˜__ino64_tâ€™ but no such parameter
  149 | __STD_TYPE __INO64_T_TYPE __ino64_t;    /* Type of file serial numbers (LFS).*/
      |                           ^~~~~~~~~
/usr/include/bits/types.h:148:25: error: declaration for parameter â€˜__ino_tâ€™ but no such parameter
  148 | __STD_TYPE __INO_T_TYPE __ino_t;        /* Type of file serial numbers.  */
      |                         ^~~~~~~
/usr/include/bits/types.h:147:25: error: declaration for parameter â€˜__gid_tâ€™ but no such parameter
  147 | __STD_TYPE __GID_T_TYPE __gid_t;        /* Type of group identifications.  */
      |                         ^~~~~~~
/usr/include/bits/types.h:146:25: error: declaration for parameter â€˜__uid_tâ€™ but no such parameter
  146 | __STD_TYPE __UID_T_TYPE __uid_t;        /* Type of user identifications.  */
      |                         ^~~~~~~
/usr/include/bits/types.h:145:25: error: declaration for parameter â€˜__dev_tâ€™ but no such parameter
  145 | __STD_TYPE __DEV_T_TYPE __dev_t;        /* Type of device numbers.  */
      |                         ^~~~~~~
/usr/include/bits/types.h:73:27: error: declaration for parameter â€˜__uintmax_tâ€™ but no such parameter
   73 | typedef unsigned long int __uintmax_t;
      |                           ^~~~~~~~~~~
/usr/include/bits/types.h:72:18: error: declaration for parameter â€˜__intmax_tâ€™ but no such parameter
   72 | typedef long int __intmax_t;
      |                  ^~~~~~~~~~
/usr/include/bits/types.h:64:27: error: declaration for parameter â€˜__u_quad_tâ€™ but no such parameter
   64 | typedef unsigned long int __u_quad_t;
      |                           ^~~~~~~~~~
/usr/include/bits/types.h:63:18: error: declaration for parameter â€˜__quad_tâ€™ but no such parameter
   63 | typedef long int __quad_t;
      |                  ^~~~~~~~
/usr/include/bits/types.h:45:27: error: declaration for parameter â€˜__uint64_tâ€™ but no such parameter
   45 | typedef unsigned long int __uint64_t;
      |                           ^~~~~~~~~~
/usr/include/bits/types.h:44:25: error: declaration for parameter â€˜__int64_tâ€™ but no such parameter
   44 | typedef signed long int __int64_t;
      |                         ^~~~~~~~~
/usr/include/bits/types.h:42:22: error: declaration for parameter â€˜__uint32_tâ€™ but no such parameter
   42 | typedef unsigned int __uint32_t;
      |                      ^~~~~~~~~~
/usr/include/bits/types.h:41:20: error: declaration for parameter â€˜__int32_tâ€™ but no such parameter
   41 | typedef signed int __int32_t;
      |                    ^~~~~~~~~
/usr/include/bits/types.h:40:28: error: declaration for parameter â€˜__uint16_tâ€™ but no such parameter
   40 | typedef unsigned short int __uint16_t;
      |                            ^~~~~~~~~~
/usr/include/bits/types.h:39:26: error: declaration for parameter â€˜__int16_tâ€™ but no such parameter
   39 | typedef signed short int __int16_t;
      |                          ^~~~~~~~~
/usr/include/bits/types.h:38:23: error: declaration for parameter â€˜__uint8_tâ€™ but no such parameter
   38 | typedef unsigned char __uint8_t;
      |                       ^~~~~~~~~
/usr/include/bits/types.h:37:21: error: declaration for parameter â€˜__int8_tâ€™ but no such parameter
   37 | typedef signed char __int8_t;
      |                     ^~~~~~~~
/usr/include/bits/types.h:34:27: error: declaration for parameter â€˜__u_longâ€™ but no such parameter
   34 | typedef unsigned long int __u_long;
      |                           ^~~~~~~~
/usr/include/bits/types.h:33:22: error: declaration for parameter â€˜__u_intâ€™ but no such parameter
   33 | typedef unsigned int __u_int;
      |                      ^~~~~~~
/usr/include/bits/types.h:32:28: error: declaration for parameter â€˜__u_shortâ€™ but no such parameter
   32 | typedef unsigned short int __u_short;
      |                            ^~~~~~~~~
/usr/include/bits/types.h:31:23: error: declaration for parameter â€˜__u_charâ€™ but no such parameter
   31 | typedef unsigned char __u_char;
      |                       ^~~~~~~~
/usr/lib/gcc/x86_64-pc-linux-gnu/12.2.0/include/stdarg.h:40:27: error: declaration for parameter â€˜__gnuc_va_listâ€™ but no such parameter
   40 | typedef __builtin_va_list __gnuc_va_list;
      |                           ^~~~~~~~~~~~~~
/usr/lib/gcc/x86_64-pc-linux-gnu/12.2.0/include/stddef.h:214:23: error: declaration for parameter â€˜size_tâ€™ but no such parameter
  214 | typedef __SIZE_TYPE__ size_t;
      |                       ^~~~~~
/usr/include/assert.h:79:13: error: declaration for parameter â€˜__assertâ€™ but no such parameter
   79 | extern void __assert (const char *__assertion, const char *__file, int __line)
      |             ^~~~~~~~
/usr/include/assert.h:72:13: error: declaration for parameter â€˜__assert_perror_failâ€™ but no such parameter
   72 | extern void __assert_perror_fail (int __errnum, const char *__file,
      |             ^~~~~~~~~~~~~~~~~~~~
/usr/include/assert.h:67:13: error: declaration for parameter â€˜__assert_failâ€™ but no such parameter
   67 | extern void __assert_fail (const char *__assertion, const char *__file,
      |             ^~~~~~~~~~~~~
map/test/uint64_t/test.c:11: error: expected â€˜{â€™ at end of input
map/test/uint64_t/test.c:11: error: control reaches end of non-void function [-Werror=return-type]
cc1: all warnings being treated as errors
[93mCBUILD WARN!: [39mgcc -c -o build/map/test/uint64_t/test.c.o -g -Wall -Werror -Og  map/test/uint64_t/test.c
In file included from map/test/uint64_t/map.c:1:
map/test/uint64_t/map.h:4:1: error: return type defaults to â€˜intâ€™ [-Werror=implicit-int]
    4 | MAKE_MAP_HEADER(map, uint64_t, uint64_t)
      | ^~~~~~~~~~~~~~~
map/test/uint64_t/map.c: In function â€˜MAKE_MAP_HEADERâ€™:
map/test/uint64_t/map.c:3:1: error: unknown type name â€˜uint32_tâ€™
    3 | uint32_t u64_hash(uint64_t a) { return (uint32_t)a; }
      | ^~~~~~~~
map/test/uint64_t/map.c:2:1: note: â€˜uint32_tâ€™ is defined in header â€˜<stdint.h>â€™; did you forget to â€˜#include <stdint.h>â€™?
    1 | #include "map.h"
  +++ |+#include <stdint.h>
    2 | 
map/test/uint64_t/map.c:3:19: error: unknown type name â€˜uint64_tâ€™
    3 | uint32_t u64_hash(uint64_t a) { return (uint32_t)a; }
      |                   ^~~~~~~~
map/test/uint64_t/map.c:3:19: note: â€˜uint64_tâ€™ is defined in header â€˜<stdint.h>â€™; did you forget to â€˜#include <stdint.h>â€™?
map/test/uint64_t/map.c:4:1: error: unknown type name â€˜boolâ€™
    4 | bool u64_eq(uint64_t a, uint64_t b) { return a == b; }
      | ^~~~
map/test/uint64_t/map.c:2:1: note: â€˜boolâ€™ is defined in header â€˜<stdbool.h>â€™; did you forget to â€˜#include <stdbool.h>â€™?
    1 | #include "map.h"
  +++ |+#include <stdbool.h>
    2 | 
map/test/uint64_t/map.c:4:13: error: unknown type name â€˜uint64_tâ€™
    4 | bool u64_eq(uint64_t a, uint64_t b) { return a == b; }
      |             ^~~~~~~~
map/test/uint64_t/map.c:4:13: note: â€˜uint64_tâ€™ is defined in header â€˜<stdint.h>â€™; did you forget to â€˜#include <stdint.h>â€™?
map/test/uint64_t/map.c:4:25: error: unknown type name â€˜uint64_tâ€™
    4 | bool u64_eq(uint64_t a, uint64_t b) { return a == b; }
      |                         ^~~~~~~~
map/test/uint64_t/map.c:4:25: note: â€˜uint64_tâ€™ is defined in header â€˜<stdint.h>â€™; did you forget to â€˜#include <stdint.h>â€™?
map/test/uint64_t/map.c:6:1: error: expected declaration specifiers before â€˜MAKE_MAP_IMPLEMENTATIONâ€™
    6 | MAKE_MAP_IMPLEMENTATION(
      | ^~~~~~~~~~~~~~~~~~~~~~~
map/test/uint64_t/map.h:4:1: error: type of â€˜mapâ€™ defaults to â€˜intâ€™ [-Werror=implicit-int]
    4 | MAKE_MAP_HEADER(map, uint64_t, uint64_t)
      | ^~~~~~~~~~~~~~~
map/test/uint64_t/map.h:4:1: error: type of â€˜uint64_tâ€™ defaults to â€˜intâ€™ [-Werror=implicit-int]
map/test/uint64_t/map.h:4:1: error: multiple parameters named â€˜uint64_tâ€™
map/test/uint64_t/map.c:8: error: control reaches end of non-void function [-Werror=return-type]
cc1: all warnings being treated as errors
In file included from map/test/uint64_t/../../../lib/test.h:4,
                 from map/test/uint64_t/test.c:2:
/usr/include/assert.h: In function â€˜MAKE_MAP_HEADERâ€™:
/usr/include/assert.h:67:13: error: storage class specified for parameter â€˜__assert_failâ€™
   67 | extern void __assert_fail (const char *__assertion, const char *__file,
      |             ^~~~~~~~~~~~~
/usr/include/assert.h:72:13: error: storage class specified for parameter â€˜__assert_perror_failâ€™
   72 | extern void __assert_perror_fail (int __errnum, const char *__file,
      |             ^~~~~~~~~~~~~~~~~~~~
/usr/include/assert.h:79:13: error: storage class specified for parameter â€˜__assertâ€™
   79 | extern void __assert (const char *__assertion, const char *__file, int __line)
      |             ^~~~~~~~
In file included from /usr/include/stdio.h:33,
                 from map/test/uint64_t/../../../lib/test.h:5:
/usr/lib/gcc/x86_64-pc-linux-gnu/12.2.0/include/stddef.h:214:23: error: storage class specified for parameter â€˜size_tâ€™
  214 | typedef __SIZE_TYPE__ size_t;
      |                       ^~~~~~
[93mCBUILD WARN!: [39mgcc -c -o build/map/test/uint64_t/map.c.o -g -Wall -Werror -Og  map/test/uint64_t/map.c
In file included from /usr/include/stdio.h:36:
/usr/lib/gcc/x86_64-pc-linux-gnu/12.2.0/include/stdarg.h:40:27: error: storage class specified for parameter â€˜__gnuc_va_listâ€™
   40 | typedef __builtin_va_list __gnuc_va_list;
      |                           ^~~~~~~~~~~~~~
In file included from /usr/include/stdio.h:38:
/usr/include/bits/types.h:31:23: error: storage class specified for parameter â€˜__u_charâ€™
   31 | typedef unsigned char __u_char;
      |                       ^~~~~~~~
/usr/include/bits/types.h:32:28: error: storage class specified for parameter â€˜__u_shortâ€™
   32 | typedef unsigned short int __u_short;
      |                            ^~~~~~~~~
/usr/include/bits/types.h:33:22: error: storage class specified for parameter â€˜__u_intâ€™
   33 | typedef unsigned int __u_int;
      |                      ^~~~~~~
/usr/include/bits/types.h:34:27: error: storage class specified for parameter â€˜__u_longâ€™
   34 | typedef unsigned long int __u_long;
      |                           ^~~~~~~~
/usr/include/bits/types.h:37:21: error: storage class specified for parameter â€˜__int8_tâ€™
   37 | typedef signed char __int8_t;
      |                     ^~~~~~~~
/usr/include/bits/types.h:38:23: error: storage class specified for parameter â€˜__uint8_tâ€™
   38 | typedef unsigned char __uint8_t;
      |                       ^~~~~~~~~
/usr/include/bits/types.h:39:26: error: storage class specified for parameter â€˜__int16_tâ€™
   39 | typedef signed short int __int16_t;
      |                          ^~~~~~~~~
/usr/include/bits/types.h:40:28: error: storage class specified for parameter â€˜__uint16_tâ€™
   40 | typedef unsigned short int __uint16_t;
      |                            ^~~~~~~~~~
/usr/include/bits/types.h:41:20: error: storage class specified for parameter â€˜__int32_tâ€™
   41 | typedef signed int __int32_t;
      |                    ^~~~~~~~~
/usr/include/bits/types.h:42:22: error: storage class specified for parameter â€˜__uint32_tâ€™
   42 | typedef unsigned int __uint32_t;
      |                      ^~~~~~~~~~
/usr/include/bits/types.h:44:25: error: storage class specified for parameter â€˜__int64_tâ€™
   44 | typedef signed long int __int64_t;
      |                         ^~~~~~~~~
/usr/include/bits/types.h:45:27: error: storage class specified for parameter â€˜__uint64_tâ€™
   45 | typedef unsigned long int __uint64_t;
      |                           ^~~~~~~~~~
/usr/include/bits/types.h:52:18: error: expected â€˜=â€™, â€˜,â€™, â€˜;â€™, â€˜asmâ€™ or â€˜__attribute__â€™ before â€˜__int_least8_tâ€™
   52 | typedef __int8_t __int_least8_t;
      |                  ^~~~~~~~~~~~~~
/usr/include/bits/types.h:53:19: error: expected â€˜=â€™, â€˜,â€™, â€˜;â€™, â€˜asmâ€™ or â€˜__attribute__â€™ before â€˜__uint_least8_tâ€™
   53 | typedef __uint8_t __uint_least8_t;
      |                   ^~~~~~~~~~~~~~~
/usr/include/bits/types.h:54:19: error: expected â€˜=â€™, â€˜,â€™, â€˜;â€™, â€˜asmâ€™ or â€˜__attribute__â€™ before â€˜__int_least16_tâ€™
   54 | typedef __int16_t __int_least16_t;
      |                   ^~~~~~~~~~~~~~~
/usr/include/bits/types.h:55:20: error: expected â€˜=â€™, â€˜,â€™, â€˜;â€™, â€˜asmâ€™ or â€˜__attribute__â€™ before â€˜__uint_least16_tâ€™
   55 | typedef __uint16_t __uint_least16_t;
      |                    ^~~~~~~~~~~~~~~~
/usr/include/bits/types.h:56:19: error: expected â€˜=â€™, â€˜,â€™, â€˜;â€™, â€˜asmâ€™ or â€˜__attribute__â€™ before â€˜__int_least32_tâ€™
   56 | typedef __int32_t __int_least32_t;
      |                   ^~~~~~~~~~~~~~~
/usr/include/bits/types.h:57:20: error: expected â€˜=â€™, â€˜,â€™, â€˜;â€™, â€˜asmâ€™ or â€˜__attribute__â€™ before â€˜__uint_least32_tâ€™
   57 | typedef __uint32_t __uint_least32_t;
      |                    ^~~~~~~~~~~~~~~~
/usr/include/bits/types.h:58:19: error: expected â€˜=â€™, â€˜,â€™, â€˜;â€™, â€˜asmâ€™ or â€˜__attribute__â€™ before â€˜__int_least64_tâ€™
   58 | typedef __int64_t __int_least64_t;
      |                   ^~~~~~~~~~~~~~~
/usr/include/bits/types.h:59:20: error: expected â€˜=â€™, â€˜,â€™, â€˜;â€™, â€˜asmâ€™ or â€˜__attribute__â€™ before â€˜__uint_least64_tâ€™
   59 | typedef __uint64_t __uint_least64_t;
      |                    ^~~~~~~~~~~~~~~~
/usr/include/bits/types.h:63:18: error: storage class specified for parameter â€˜__quad_tâ€™
   63 | typedef long int __quad_t;
      |                  ^~~~~~~~
/usr/include/bits/types.h:64:27: error: storage class specified for parameter â€˜__u_quad_tâ€™
   64 | typedef unsigned long int __u_quad_t;
      |                           ^~~~~~~~~~
/usr/include/bits/types.h:72:18: error: storage class specified for parameter â€˜__intmax_tâ€™
   72 | typedef long int __intmax_t;
      |                  ^~~~~~~~~~
/usr/include/bits/types.h:73:27: error: storage class specified for parameter â€˜__uintmax_tâ€™
   73 | typedef unsigned long int __uintmax_t;
      |                           ^~~~~~~~~~~
/usr/include/bits/types.h:145:25: error: storage class specified for parameter â€˜__dev_tâ€™
  145 | __STD_TYPE __DEV_T_TYPE __dev_t;        /* Type of device numbers.  */
      |                         ^~~~~~~
/usr/include/bits/types.h:146:25: error: storage class specified for parameter â€˜__uid_tâ€™
  146 | __STD_TYPE __UID_T_TYPE __uid_t;        /* Type of user identifications.  */
      |                         ^~~~~~~
/usr/include/bits/types.h:147:25: error: storage class specified for parameter â€˜__gid_tâ€™
  147 | __STD_TYPE __GID_T_TYPE __gid_t;        /* Type of group identifications.  */
      |                         ^~~~~~~
/usr/include/bits/types.h:148:25: error: storage class specified for parameter â€˜__ino_tâ€™
  148 | __STD_TYPE __INO_T_TYPE __ino_t;        /* Type of file serial numbers.  */
      |                         ^~~~~~~
/usr/include/bits/types.h:149:27: error: storage class specified for parameter â€˜__ino64_tâ€™
  149 | __STD_TYPE __INO64_T_TYPE __ino64_t;    /* Type of file serial numbers (LFS).*/
      |                           ^~~~~~~~~
/usr/include/bits/types.h:150:26: error: storage class specified for parameter â€˜__mode_tâ€™
  150 | __STD_TYPE __MODE_T_TYPE __mode_t;      /* Type of file attribute bitmasks.  */
      |                          ^~~~~~~~
/usr/include/bits/types.h:151:27: error: storage class specified for parameter â€˜__nlink_tâ€™
  151 | __STD_TYPE __NLINK_T_TYPE __nlink_t;    /* Type of file link counts.  */
      |                           ^~~~~~~~~
/usr/include/bits/types.h:152:25: error: storage class specified for parameter â€˜__off_tâ€™
  152 | __STD_TYPE __OFF_T_TYPE __off_t;        /* Type of file sizes and offsets.  */
      |                         ^~~~~~~
/usr/include/bits/types.h:153:27: error: storage class specified for parameter â€˜__off64_tâ€™
  153 | __STD_TYPE __OFF64_T_TYPE __off64_t;    /* Type of file sizes and offsets (LFS).  */
      |                           ^~~~~~~~~
/usr/include/bits/types.h:154:25: error: storage class specified for parameter â€˜__pid_tâ€™
  154 | __STD_TYPE __PID_T_TYPE __pid_t;        /* Type of process identifications.  */
      |                         ^~~~~~~
/usr/include/bits/types.h:155:26: error: storage class specified for parameter â€˜__fsid_tâ€™
  155 | __STD_TYPE __FSID_T_TYPE __fsid_t;      /* Type of file system IDs.  */
      |                          ^~~~~~~~
/usr/include/bits/types.h:156:27: error: storage class specified for parameter â€˜__clock_tâ€™
  156 | __STD_TYPE __CLOCK_T_TYPE __clock_t;    /* Type of CPU usage counts.  */
      |                           ^~~~~~~~~
/usr/include/bits/types.h:157:26: error: storage class specified for parameter â€˜__rlim_tâ€™
  157 | __STD_TYPE __RLIM_T_TYPE __rlim_t;      /* Type for resource measurement.  */
      |                          ^~~~~~~~
/usr/include/bits/types.h:158:28: error: storage class specified for parameter â€˜__rlim64_tâ€™
  158 | __STD_TYPE __RLIM64_T_TYPE __rlim64_t;  /* Type for resource measurement (LFS).  */
      |                            ^~~~~~~~~~
/usr/include/bits/types.h:159:24: error: storage class specified for parameter â€˜__id_tâ€™
  159 | __STD_TYPE __ID_T_TYPE __id_t;          /* General type for IDs.  */
      |                        ^~~~~~
/usr/include/bits/types.h:160:26: error: storage class specified for parameter â€˜__time_tâ€™
  160 | __STD_TYPE __TIME_T_TYPE __time_t;      /* Seconds since the Epoch.  */
      |                          ^~~~~~~~
/usr/include/bits/types.h:161:30: error: storage class specified for parameter â€˜__useconds_tâ€™
  161 | __STD_TYPE __USECONDS_T_TYPE __useconds_t; /* Count of microseconds.  */
      |                              ^~~~~~~~~~~~
/usr/include/bits/types.h:162:31: error: storage class specified for parameter â€˜__suseconds_tâ€™
  162 | __STD_TYPE __SUSECONDS_T_TYPE __suseconds_t; /* Signed count of microseconds.  */
      |                               ^~~~~~~~~~~~~
/usr/include/bits/types.h:163:33: error: storage class specified for parameter â€˜__suseconds64_tâ€™
  163 | __STD_TYPE __SUSECONDS64_T_TYPE __suseconds64_t;
      |                                 ^~~~~~~~~~~~~~~
/usr/include/bits/types.h:165:27: error: storage class specified for parameter â€˜__daddr_tâ€™
  165 | __STD_TYPE __DADDR_T_TYPE __daddr_t;    /* The type of a disk address.  */
      |                           ^~~~~~~~~
/usr/include/bits/types.h:166:25: error: storage class specified for parameter â€˜__key_tâ€™
  166 | __STD_TYPE __KEY_T_TYPE __key_t;        /* Type of an IPC key.  */
      |                         ^~~~~~~
/usr/include/bits/types.h:169:29: error: storage class specified for parameter â€˜__clockid_tâ€™
  169 | __STD_TYPE __CLOCKID_T_TYPE __clockid_t;
      |                             ^~~~~~~~~~~
/usr/include/bits/types.h:172:27: error: storage class specified for parameter â€˜__timer_tâ€™
  172 | __STD_TYPE __TIMER_T_TYPE __timer_t;
      |                           ^~~~~~~~~
/usr/include/bits/types.h:175:29: error: storage class specified for parameter â€˜__blksize_tâ€™
  175 | __STD_TYPE __BLKSIZE_T_TYPE __blksize_t;
      |                             ^~~~~~~~~~~
/usr/include/bits/types.h:180:28: error: storage class specified for parameter â€˜__blkcnt_tâ€™
  180 | __STD_TYPE __BLKCNT_T_TYPE __blkcnt_t;
      |                            ^~~~~~~~~~
/usr/include/bits/types.h:181:30: error: storage class specified for parameter â€˜__blkcnt64_tâ€™
  181 | __STD_TYPE __BLKCNT64_T_TYPE __blkcnt64_t;
      |                              ^~~~~~~~~~~~
/usr/include/bits/types.h:184:30: error: storage class specified for parameter â€˜__fsblkcnt_tâ€™
  184 | __STD_TYPE __FSBLKCNT_T_TYPE __fsblkcnt_t;
      |                              ^~~~~~~~~~~~
/usr/include/bits/types.h:185:32: error: storage class specified for parameter â€˜__fsblkcnt64_tâ€™
  185 | __STD_TYPE __FSBLKCNT64_T_TYPE __fsblkcnt64_t;
      |                                ^~~~~~~~~~~~~~
/usr/include/bits/types.h:188:30: error: storage class specified for parameter â€˜__fsfilcnt_tâ€™
  188 | __STD_TYPE __FSFILCNT_T_TYPE __fsfilcnt_t;
      |                              ^~~~~~~~~~~~
/usr/include/bits/types.h:189:32: error: storage class specified for parameter â€˜__fsfilcnt64_tâ€™
  189 | __STD_TYPE __FSFILCNT64_T_TYPE __fsfilcnt64_t;
      |                                ^~~~~~~~~~~~~~
/usr/include/bits/types.h:192:28: error: storage class specified for parameter â€˜__fsword_tâ€™
  192 | __STD_TYPE __FSWORD_T_TYPE __fsword_t;
      |                            ^~~~~~~~~~
/usr/include/bits/types.h:194:27: error: storage class specified for parameter â€˜__ssize_tâ€™
  194 | __STD_TYPE __SSIZE_T_TYPE __ssize_t; /* Type of a byte count, or error.  */
      |                           ^~~~~~~~~
/usr/include/bits/types.h:197:33: error: storage class specified for parameter â€˜__syscall_slong_tâ€™
  197 | __STD_TYPE __SYSCALL_SLONG_TYPE __syscall_slong_t;
      |                                 ^~~~~~~~~~~~~~~~~
/usr/include/bits/types.h:199:33: error: storage class specified for parameter â€˜__syscall_ulong_tâ€™
  199 | __STD_TYPE __SYSCALL_ULONG_TYPE __syscall_ulong_t;
      |                                 ^~~~~~~~~~~~~~~~~
/usr/include/bits/types.h:203:19: error: expected â€˜=â€™, â€˜,â€™, â€˜;â€™, â€˜asmâ€™ or â€˜__attribute__â€™ before â€˜__loff_tâ€™
  203 | typedef __off64_t __loff_t;     /* Type of file sizes and offsets (LFS).  */
      |                   ^~~~~~~~
/usr/include/bits/types.h:204:15: error: storage class specified for parameter â€˜__caddr_tâ€™
  204 | typedef char *__caddr_t;
      |               ^~~~~~~~~
/usr/include/bits/types.h:207:25: error: storage class specified for parameter â€˜__intptr_tâ€™
  207 | __STD_TYPE __SWORD_TYPE __intptr_t;
      |                         ^~~~~~~~~~
/usr/include/bits/types.h:210:23: error: storage class specified for parameter â€˜__socklen_tâ€™
  210 | __STD_TYPE __U32_TYPE __socklen_t;
      |                       ^~~~~~~~~~~
/usr/include/bits/types.h:215:13: error: storage class specified for parameter â€˜__sig_atomic_tâ€™
  215 | typedef int __sig_atomic_t;
      |             ^~~~~~~~~~~~~~
In file included from /usr/include/bits/types/__fpos_t.h:5,
                 from /usr/include/stdio.h:39:
/usr/include/bits/types/__mbstate_t.h:21:3: error: storage class specified for parameter â€˜__mbstate_tâ€™
   21 | } __mbstate_t;
      |   ^~~~~~~~~~~
/usr/include/bits/types/__fpos_t.h:12:3: error: expected specifier-qualifier-list before â€˜__off_tâ€™
   12 |   __off_t __pos;
      |   ^~~~~~~
/usr/include/bits/types/__fpos_t.h:14:3: error: storage class specified for parameter â€˜__fpos_tâ€™
   14 | } __fpos_t;
      |   ^~~~~~~~
In file included from /usr/include/stdio.h:40:
/usr/include/bits/types/__fpos64_t.h:12:3: error: expected specifier-qualifier-list before â€˜__off64_tâ€™
   12 |   __off64_t __pos;
      |   ^~~~~~~~~
/usr/include/bits/types/__fpos64_t.h:14:3: error: storage class specified for parameter â€˜__fpos64_tâ€™
   14 | } __fpos64_t;
      |   ^~~~~~~~~~
In file included from /usr/include/stdio.h:41:
/usr/include/bits/types/__FILE.h:5:25: error: storage class specified for parameter â€˜__FILEâ€™
    5 | typedef struct _IO_FILE __FILE;
      |                         ^~~~~~
In file included from /usr/include/stdio.h:42:
/usr/include/bits/types/FILE.h:7:25: error: storage class specified for parameter â€˜FILEâ€™
    7 | typedef struct _IO_FILE FILE;
      |                         ^~~~
In file included from /usr/include/stdio.h:43:
/usr/include/bits/types/struct_FILE.h:43:14: error: storage class specified for parameter â€˜_IO_lock_tâ€™
   43 | typedef void _IO_lock_t;
      |              ^~~~~~~~~~
/usr/include/bits/types/struct_FILE.h:74:3: error: expected specifier-qualifier-list before â€˜__off_tâ€™
   74 |   __off_t _old_offset; /* This used to be _offset but it's too small.  */
      |   ^~~~~~~
/usr/include/stdio.h:52:24: error: expected â€˜=â€™, â€˜,â€™, â€˜;â€™, â€˜asmâ€™ or â€˜__attribute__â€™ before â€˜va_listâ€™
   52 | typedef __gnuc_va_list va_list;
      |                        ^~~~~~~
/usr/include/stdio.h:63:17: error: expected â€˜=â€™, â€˜,â€™, â€˜;â€™, â€˜asmâ€™ or â€˜__attribute__â€™ before â€˜off_tâ€™
   63 | typedef __off_t off_t;
      |                 ^~~~~
/usr/include/stdio.h:77:19: error: expected â€˜=â€™, â€˜,â€™, â€˜;â€™, â€˜asmâ€™ or â€˜__attribute__â€™ before â€˜ssize_tâ€™
   77 | typedef __ssize_t ssize_t;
      |                   ^~~~~~~
/usr/include/stdio.h:84:18: error: expected â€˜=â€™, â€˜,â€™, â€˜;â€™, â€˜asmâ€™ or â€˜__attribute__â€™ before â€˜fpos_tâ€™
   84 | typedef __fpos_t fpos_t;
      |                  ^~~~~~
/usr/include/stdio.h:143:13: error: expected â€˜=â€™, â€˜,â€™, â€˜;â€™, â€˜asmâ€™ or â€˜__attribute__â€™ before â€˜*â€™ token
  143 | extern FILE *stdin;             /* Standard input stream.  */
      |             ^
/usr/include/stdio.h:144:13: error: expected â€˜=â€™, â€˜,â€™, â€˜;â€™, â€˜asmâ€™ or â€˜__attribute__â€™ before â€˜*â€™ token
  144 | extern FILE *stdout;            /* Standard output stream.  */
      |             ^
/usr/include/stdio.h:145:13: error: expected â€˜=â€™, â€˜,â€™, â€˜;â€™, â€˜asmâ€™ or â€˜__attribute__â€™ before â€˜*â€™ token
  145 | extern FILE *stderr;            /* Standard error output stream.  */
      |             ^
/usr/include/stdio.h:152:12: error: storage class specified for parameter â€˜removeâ€™
  152 | extern int remove (const char *__filename) __THROW;
      |            ^~~~~~
/usr/include/stdio.h:154:12: error: storage class specified for parameter â€˜renameâ€™
  154 | extern int rename (const char *__old, const char *__new) __THROW;
      |            ^~~~~~
/usr/include/stdio.h:158:12: error: storage class specified for parameter â€˜renameatâ€™
  158 | extern int renameat (int __oldfd, const char *__old, int __newfd,
      |            ^~~~~~~~
/usr/include/stdio.h:178:20: error: expected declaration specifiers or â€˜...â€™ before â€˜FILEâ€™
  178 | extern int fclose (FILE *__stream);
      |                    ^~~~
/usr/include/stdio.h:188:13: error: expected â€˜=â€™, â€˜,â€™, â€˜;â€™, â€˜asmâ€™ or â€˜__attribute__â€™ before â€˜*â€™ token
  188 | extern FILE *tmpfile (void)
      |             ^
/usr/include/stdio.h:205:14: error: storage class specified for parameter â€˜tmpnamâ€™
  205 | extern char *tmpnam (char[L_tmpnam]) __THROW __wur;
      |              ^~~~~~
/usr/include/stdio.h:210:14: error: storage class specified for parameter â€˜tmpnam_râ€™
  210 | extern char *tmpnam_r (char __s[L_tmpnam]) __THROW __wur;
      |              ^~~~~~~~
/usr/include/stdio.h:222:14: error: storage class specified for parameter â€˜tempnamâ€™
  222 | extern char *tempnam (const char *__dir, const char *__pfx)
      |              ^~~~~~~
/usr/include/stdio.h:230:20: error: expected declaration specifiers or â€˜...â€™ before â€˜FILEâ€™
  230 | extern int fflush (FILE *__stream);
      |                    ^~~~
/usr/include/stdio.h:239:29: error: expected declaration specifiers or â€˜...â€™ before â€˜FILEâ€™
  239 | extern int fflush_unlocked (FILE *__stream);
      |                             ^~~~
/usr/include/stdio.h:258:13: error: expected â€˜=â€™, â€˜,â€™, â€˜;â€™, â€˜asmâ€™ or â€˜__attribute__â€™ before â€˜*â€™ token
  258 | extern FILE *fopen (const char *__restrict __filename,
      |             ^
/usr/include/stdio.h:265:13: error: expected â€˜=â€™, â€˜,â€™, â€˜;â€™, â€˜asmâ€™ or â€˜__attribute__â€™ before â€˜*â€™ token
  265 | extern FILE *freopen (const char *__restrict __filename,
      |             ^
/usr/include/stdio.h:293:13: error: expected â€˜=â€™, â€˜,â€™, â€˜;â€™, â€˜asmâ€™ or â€˜__attribute__â€™ before â€˜*â€™ token
  293 | extern FILE *fdopen (int __fd, const char *__modes) __THROW
      |             ^
/usr/include/stdio.h:308:13: error: expected â€˜=â€™, â€˜,â€™, â€˜;â€™, â€˜asmâ€™ or â€˜__attribute__â€™ before â€˜*â€™ token
  308 | extern FILE *fmemopen (void *__s, size_t __len, const char *__modes)
      |             ^
/usr/include/stdio.h:314:13: error: expected â€˜=â€™, â€˜,â€™, â€˜;â€™, â€˜asmâ€™ or â€˜__attribute__â€™ before â€˜*â€™ token
  314 | extern FILE *open_memstream (char **__bufloc, size_t *__sizeloc) __THROW
      |             ^
/usr/include/stdio.h:328:21: error: expected declaration specifiers or â€˜...â€™ before â€˜FILEâ€™
  328 | extern void setbuf (FILE *__restrict __stream, char *__restrict __buf) __THROW;
      |                     ^~~~
/usr/include/stdio.h:332:21: error: expected declaration specifiers or â€˜...â€™ before â€˜FILEâ€™
  332 | extern int setvbuf (FILE *__restrict __stream, char *__restrict __buf,
      |                     ^~~~
/usr/include/stdio.h:333:34: error: expected declaration specifiers or â€˜...â€™ before â€˜size_tâ€™
  333 |                     int __modes, size_t __n) __THROW;
      |                                  ^~~~~~
/usr/include/stdio.h:338:24: error: expected declaration specifiers or â€˜...â€™ before â€˜FILEâ€™
  338 | extern void setbuffer (FILE *__restrict __stream, char *__restrict __buf,
      |                        ^~~~
/usr/include/stdio.h:339:24: error: expected declaration specifiers or â€˜...â€™ before â€˜size_tâ€™
  339 |                        size_t __size) __THROW;
      |                        ^~~~~~
/usr/include/stdio.h:342:25: error: expected declaration specifiers or â€˜...â€™ before â€˜FILEâ€™
  342 | extern void setlinebuf (FILE *__stream) __THROW;
      |                         ^~~~
/usr/include/stdio.h:350:21: error: expected declaration specifiers or â€˜...â€™ before â€˜FILEâ€™
  350 | extern int fprintf (FILE *__restrict __stream,
      |                     ^~~~
/usr/include/stdio.h:356:12: error: storage class specified for parameter â€˜printfâ€™
  356 | extern int printf (const char *__restrict __format, ...);
      |            ^~~~~~
/usr/include/stdio.h:358:12: error: storage class specified for parameter â€˜sprintfâ€™
  358 | extern int sprintf (char *__restrict __s,
      |            ^~~~~~~
/usr/include/stdio.h:365:22: error: expected declaration specifiers or â€˜...â€™ before â€˜FILEâ€™
  365 | extern int vfprintf (FILE *__restrict __s, const char *__restrict __format,
      |                      ^~~~
/usr/include/stdio.h:366:22: error: expected declaration specifiers or â€˜...â€™ before â€˜__gnuc_va_listâ€™
  366 |                      __gnuc_va_list __arg);
      |                      ^~~~~~~~~~~~~~
/usr/include/stdio.h:371:54: error: expected declaration specifiers or â€˜...â€™ before â€˜__gnuc_va_listâ€™
  371 | extern int vprintf (const char *__restrict __format, __gnuc_va_list __arg);
      |                                                      ^~~~~~~~~~~~~~
/usr/include/stdio.h:374:22: error: expected declaration specifiers or â€˜...â€™ before â€˜__gnuc_va_listâ€™
  374 |                      __gnuc_va_list __arg) __THROWNL;
      |                      ^~~~~~~~~~~~~~
/usr/include/stdio.h:378:44: error: expected declaration specifiers or â€˜...â€™ before â€˜size_tâ€™
  378 | extern int snprintf (char *__restrict __s, size_t __maxlen,
      |                                            ^~~~~~
/usr/include/stdio.h:382:45: error: expected declaration specifiers or â€˜...â€™ before â€˜size_tâ€™
  382 | extern int vsnprintf (char *__restrict __s, size_t __maxlen,
      |                                             ^~~~~~
/usr/include/stdio.h:383:56: error: expected declaration specifiers or â€˜...â€™ before â€˜__gnuc_va_listâ€™
  383 |                       const char *__restrict __format, __gnuc_va_list __arg)
      |                                                        ^~~~~~~~~~~~~~
/usr/include/stdio.h:404:22: error: expected declaration specifiers or â€˜...â€™ before â€˜__gnuc_va_listâ€™
  404 |                      __gnuc_va_list __arg)
      |                      ^~~~~~~~~~~~~~
/usr/include/stdio.h:406:12: error: storage class specified for parameter â€˜dprintfâ€™
  406 | extern int dprintf (int __fd, const char *__restrict __fmt, ...)
      |            ^~~~~~~
/usr/include/stdio.h:415:20: error: expected declaration specifiers or â€˜...â€™ before â€˜FILEâ€™
  415 | extern int fscanf (FILE *__restrict __stream,
      |                    ^~~~
/usr/include/stdio.h:421:12: error: storage class specified for parameter â€˜scanfâ€™
  421 | extern int scanf (const char *__restrict __format, ...) __wur;
      |            ^~~~~
/usr/include/stdio.h:423:12: error: storage class specified for parameter â€˜sscanfâ€™
  423 | extern int sscanf (const char *__restrict __s,
      |            ^~~~~~
In file included from /usr/include/features.h:490,
                 from /usr/include/assert.h:35:
/usr/include/stdio.h:434:12: error: expected declaration specifiers or â€˜...â€™ before â€˜FILEâ€™
  434 | extern int __REDIRECT (fscanf, (FILE *__restrict __stream,
      |            ^~~~~~~~~~
/usr/include/stdio.h:437:12: error: storage class specified for parameter â€˜scanfâ€™
  437 | extern int __REDIRECT (scanf, (const char *__restrict __format, ...),
      |            ^~~~~~~~~~
/usr/include/stdio.h:437:12: error: redefinition of parameter â€˜scanfâ€™
/usr/include/stdio.h:421:12: note: previous definition of â€˜scanfâ€™ with type â€˜int (*)(const char * restrict, ...)â€™
  421 | extern int scanf (const char *__restrict __format, ...) __wur;
      |            ^~~~~
/usr/include/stdio.h:439:12: error: storage class specified for parameter â€˜sscanfâ€™
  439 | extern int __REDIRECT_NTH (sscanf, (const char *__restrict __s,
      |            ^~~~~~~~~~~~~~
/usr/include/stdio.h:439:12: error: redefinition of parameter â€˜sscanfâ€™
/usr/include/stdio.h:423:12: note: previous definition of â€˜sscanfâ€™ with type â€˜int (*)(const char * restrict,  const char * restrict, ...)â€™
  423 | extern int sscanf (const char *__restrict __s,
      |            ^~~~~~
/usr/include/stdio.h:459:21: error: expected declaration specifiers or â€˜...â€™ before â€˜FILEâ€™
  459 | extern int vfscanf (FILE *__restrict __s, const char *__restrict __format,
      |                     ^~~~
/usr/include/stdio.h:460:21: error: expected declaration specifiers or â€˜...â€™ before â€˜__gnuc_va_listâ€™
  460 |                     __gnuc_va_list __arg)
      |                     ^~~~~~~~~~~~~~
/usr/include/stdio.h:467:53: error: expected declaration specifiers or â€˜...â€™ before â€˜__gnuc_va_listâ€™
  467 | extern int vscanf (const char *__restrict __format, __gnuc_va_list __arg)
      |                                                     ^~~~~~~~~~~~~~
/usr/include/stdio.h:472:54: error: expected declaration specifiers or â€˜...â€™ before â€˜__gnuc_va_listâ€™
  472 |                     const char *__restrict __format, __gnuc_va_list __arg)
      |                                                      ^~~~~~~~~~~~~~
/usr/include/stdio.h:479:12: error: expected declaration specifiers or â€˜...â€™ before â€˜FILEâ€™
  479 | extern int __REDIRECT (vfscanf,
      |            ^~~~~~~~~~
/usr/include/stdio.h:479:12: error: expected declaration specifiers or â€˜...â€™ before â€˜__gnuc_va_listâ€™
  479 | extern int __REDIRECT (vfscanf,
      |            ^~~~~~~~~~
/usr/include/stdio.h:484:12: error: expected declaration specifiers or â€˜...â€™ before â€˜__gnuc_va_listâ€™
  484 | extern int __REDIRECT (vscanf, (const char *__restrict __format,
      |            ^~~~~~~~~~
/usr/include/stdio.h:487:12: error: expected declaration specifiers or â€˜...â€™ before â€˜__gnuc_va_listâ€™
  487 | extern int __REDIRECT_NTH (vsscanf,
      |            ^~~~~~~~~~~~~~
/usr/include/stdio.h:513:19: error: expected declaration specifiers or â€˜...â€™ before â€˜FILEâ€™
  513 | extern int fgetc (FILE *__stream);
      |                   ^~~~
/usr/include/stdio.h:514:18: error: expected declaration specifiers or â€˜...â€™ before â€˜FILEâ€™
  514 | extern int getc (FILE *__stream);
      |                  ^~~~
/usr/include/stdio.h:520:12: error: storage class specified for parameter â€˜getcharâ€™
  520 | extern int getchar (void);
      |            ^~~~~~~
/usr/include/stdio.h:527:27: error: expected declaration specifiers or â€˜...â€™ before â€˜FILEâ€™
  527 | extern int getc_unlocked (FILE *__stream);
      |                           ^~~~
/usr/include/stdio.h:528:12: error: storage class specified for parameter â€˜getchar_unlockedâ€™
  528 | extern int getchar_unlocked (void);
      |            ^~~~~~~~~~~~~~~~
/usr/include/stdio.h:538:28: error: expected declaration specifiers or â€˜...â€™ before â€˜FILEâ€™
  538 | extern int fgetc_unlocked (FILE *__stream);
      |                            ^~~~
/usr/include/stdio.h:549:28: error: expected declaration specifiers or â€˜...â€™ before â€˜FILEâ€™
  549 | extern int fputc (int __c, FILE *__stream);
      |                            ^~~~
/usr/include/stdio.h:550:27: error: expected declaration specifiers or â€˜...â€™ before â€˜FILEâ€™
  550 | extern int putc (int __c, FILE *__stream);
      |                           ^~~~
/usr/include/stdio.h:556:12: error: storage class specified for parameter â€˜putcharâ€™
  556 | extern int putchar (int __c);
      |            ^~~~~~~
/usr/include/stdio.h:565:37: error: expected declaration specifiers or â€˜...â€™ before â€˜FILEâ€™
  565 | extern int fputc_unlocked (int __c, FILE *__stream);
      |                                     ^~~~
/usr/include/stdio.h:573:36: error: expected declaration specifiers or â€˜...â€™ before â€˜FILEâ€™
  573 | extern int putc_unlocked (int __c, FILE *__stream);
      |                                    ^~~~
/usr/include/stdio.h:574:12: error: storage class specified for parameter â€˜putchar_unlockedâ€™
  574 | extern int putchar_unlocked (int __c);
      |            ^~~~~~~~~~~~~~~~
/usr/include/stdio.h:581:18: error: expected declaration specifiers or â€˜...â€™ before â€˜FILEâ€™
  581 | extern int getw (FILE *__stream);
      |                  ^~~~
/usr/include/stdio.h:584:27: error: expected declaration specifiers or â€˜...â€™ before â€˜FILEâ€™
  584 | extern int putw (int __w, FILE *__stream);
      |                           ^~~~
/usr/include/stdio.h:592:52: error: expected declaration specifiers or â€˜...â€™ before â€˜FILEâ€™
  592 | extern char *fgets (char *__restrict __s, int __n, FILE *__restrict __stream)
      |                                                    ^~~~
/usr/include/stdio.h:632:18: error: expected â€˜=â€™, â€˜,â€™, â€˜;â€™, â€˜asmâ€™ or â€˜__attribute__â€™ before â€˜__getdelimâ€™
  632 | extern __ssize_t __getdelim (char **__restrict __lineptr,
      |                  ^~~~~~~~~~
/usr/include/stdio.h:635:18: error: expected â€˜=â€™, â€˜,â€™, â€˜;â€™, â€˜asmâ€™ or â€˜__attribute__â€™ before â€˜getdelimâ€™
  635 | extern __ssize_t getdelim (char **__restrict __lineptr,
      |                  ^~~~~~~~
/usr/include/stdio.h:645:18: error: expected â€˜=â€™, â€˜,â€™, â€˜;â€™, â€˜asmâ€™ or â€˜__attribute__â€™ before â€˜getlineâ€™
  645 | extern __ssize_t getline (char **__restrict __lineptr,
      |                  ^~~~~~~
/usr/include/stdio.h:655:47: error: expected declaration specifiers or â€˜...â€™ before â€˜FILEâ€™
  655 | extern int fputs (const char *__restrict __s, FILE *__restrict __stream);
      |                                               ^~~~
/usr/include/stdio.h:661:12: error: storage class specified for parameter â€˜putsâ€™
  661 | extern int puts (const char *__s);
      |            ^~~~
/usr/include/stdio.h:668:29: error: expected declaration specifiers or â€˜...â€™ before â€˜FILEâ€™
  668 | extern int ungetc (int __c, FILE *__stream);
      |                             ^~~~
/usr/include/stdio.h:675:15: error: expected â€˜=â€™, â€˜,â€™, â€˜;â€™, â€˜asmâ€™ or â€˜__attribute__â€™ before â€˜freadâ€™
  675 | extern size_t fread (void *__restrict __ptr, size_t __size,
      |               ^~~~~
/usr/include/stdio.h:681:15: error: expected â€˜=â€™, â€˜,â€™, â€˜;â€™, â€˜asmâ€™ or â€˜__attribute__â€™ before â€˜fwriteâ€™
  681 | extern size_t fwrite (const void *__restrict __ptr, size_t __size,
      |               ^~~~~~
/usr/include/stdio.h:702:15: error: expected â€˜=â€™, â€˜,â€™, â€˜;â€™, â€˜asmâ€™ or â€˜__attribute__â€™ before â€˜fread_unlockedâ€™
  702 | extern size_t fread_unlocked (void *__restrict __ptr, size_t __size,
      |               ^~~~~~~~~~~~~~
/usr/include/stdio.h:704:15: error: expected â€˜=â€™, â€˜,â€™, â€˜;â€™, â€˜asmâ€™ or â€˜__attribute__â€™ before â€˜fwrite_unlockedâ€™
  704 | extern size_t fwrite_unlocked (const void *__restrict __ptr, size_t __size,
      |               ^~~~~~~~~~~~~~~
/usr/include/stdio.h:713:19: error: expected declaration specifiers or â€˜...â€™ before â€˜FILEâ€™
  713 | extern int fseek (FILE *__stream, long int __off, int __whence);
      |                   ^~~~
/usr/include/stdio.h:718:24: error: expected declaration specifiers or â€˜...â€™ before â€˜FILEâ€™
  718 | extern long int ftell (FILE *__stream) __wur;
      |                        ^~~~
/usr/include/stdio.h:723:21: error: expected declaration specifiers or â€˜...â€™ before â€˜FILEâ€™
  723 | extern void rewind (FILE *__stream);
      |                     ^~~~
/usr/include/stdio.h:736:20: error: expected declaration specifiers or â€˜...â€™ before â€˜FILEâ€™
  736 | extern int fseeko (FILE *__stream, __off_t __off, int __whence);
      |                    ^~~~
/usr/include/stdio.h:736:36: error: expected declaration specifiers or â€˜...â€™ before â€˜__off_tâ€™
  736 | extern int fseeko (FILE *__stream, __off_t __off, int __whence);
      |                                    ^~~~~~~
/usr/include/stdio.h:741:16: error: expected â€˜=â€™, â€˜,â€™, â€˜;â€™, â€˜asmâ€™ or â€˜__attribute__â€™ before â€˜ftelloâ€™
  741 | extern __off_t ftello (FILE *__stream) __wur;
      |                ^~~~~~
/usr/include/stdio.h:760:21: error: expected declaration specifiers or â€˜...â€™ before â€˜FILEâ€™
  760 | extern int fgetpos (FILE *__restrict __stream, fpos_t *__restrict __pos);
      |                     ^~~~
/usr/include/stdio.h:760:48: error: unknown type name â€˜fpos_tâ€™
  760 | extern int fgetpos (FILE *__restrict __stream, fpos_t *__restrict __pos);
      |                                                ^~~~~~
/usr/include/stdio.h:431:1: note: â€˜fpos_tâ€™ is defined in header â€˜<stdio.h>â€™; did you forget to â€˜#include <stdio.h>â€™?
  430 | #include <bits/floatn.h>
  +++ |+#include <stdio.h>
  431 | #if !__GLIBC_USE (DEPRECATED_SCANF) && !defined __LDBL_COMPAT \
/usr/include/stdio.h:765:21: error: expected declaration specifiers or â€˜...â€™ before â€˜FILEâ€™
  765 | extern int fsetpos (FILE *__stream, const fpos_t *__pos);
      |                     ^~~~
/usr/include/stdio.h:765:43: error: unknown type name â€˜fpos_tâ€™
  765 | extern int fsetpos (FILE *__stream, const fpos_t *__pos);
      |                                           ^~~~~~
/usr/include/stdio.h:786:23: error: expected declaration specifiers or â€˜...â€™ before â€˜FILEâ€™
  786 | extern void clearerr (FILE *__stream) __THROW;
      |                       ^~~~
/usr/include/stdio.h:788:18: error: expected declaration specifiers or â€˜...â€™ before â€˜FILEâ€™
  788 | extern int feof (FILE *__stream) __THROW __wur;
      |                  ^~~~
/usr/include/stdio.h:790:20: error: expected declaration specifiers or â€˜...â€™ before â€˜FILEâ€™
  790 | extern int ferror (FILE *__stream) __THROW __wur;
      |                    ^~~~
/usr/include/stdio.h:794:32: error: expected declaration specifiers or â€˜...â€™ before â€˜FILEâ€™
  794 | extern void clearerr_unlocked (FILE *__stream) __THROW;
      |                                ^~~~
/usr/include/stdio.h:795:27: error: expected declaration specifiers or â€˜...â€™ before â€˜FILEâ€™
  795 | extern int feof_unlocked (FILE *__stream) __THROW __wur;
      |                           ^~~~
/usr/include/stdio.h:796:29: error: expected declaration specifiers or â€˜...â€™ before â€˜FILEâ€™
  796 | extern int ferror_unlocked (FILE *__stream) __THROW __wur;
      |                             ^~~~
/usr/include/stdio.h:804:13: error: storage class specified for parameter â€˜perrorâ€™
  804 | extern void perror (const char *__s);
      |             ^~~~~~
/usr/include/stdio.h:809:20: error: expected declaration specifiers or â€˜...â€™ before â€˜FILEâ€™
  809 | extern int fileno (FILE *__stream) __THROW __wur;
      |                    ^~~~
/usr/include/stdio.h:814:29: error: expected declaration specifiers or â€˜...â€™ before â€˜FILEâ€™
  814 | extern int fileno_unlocked (FILE *__stream) __THROW __wur;
      |                             ^~~~
/usr/include/stdio.h:823:20: error: expected declaration specifiers or â€˜...â€™ before â€˜FILEâ€™
  823 | extern int pclose (FILE *__stream);
      |                    ^~~~
/usr/include/stdio.h:829:13: error: expected â€˜=â€™, â€˜,â€™, â€˜;â€™, â€˜asmâ€™ or â€˜__attribute__â€™ before â€˜*â€™ token
  829 | extern FILE *popen (const char *__command, const char *__modes)
      |             ^
/usr/include/stdio.h:837:14: error: storage class specified for parameter â€˜ctermidâ€™
  837 | extern char *ctermid (char *__s) __THROW
      |              ^~~~~~~
/usr/include/stdio.h:867:24: error: expected declaration specifiers or â€˜...â€™ before â€˜FILEâ€™
  867 | extern void flockfile (FILE *__stream) __THROW;
      |                        ^~~~
/usr/include/stdio.h:871:26: error: expected declaration specifiers or â€˜...â€™ before â€˜FILEâ€™
  871 | extern int ftrylockfile (FILE *__stream) __THROW __wur;
      |                          ^~~~
/usr/include/stdio.h:874:26: error: expected declaration specifiers or â€˜...â€™ before â€˜FILEâ€™
  874 | extern void funlockfile (FILE *__stream) __THROW;
      |                          ^~~~
/usr/include/stdio.h:885:21: error: expected declaration specifiers or â€˜...â€™ before â€˜FILEâ€™
  885 | extern int __uflow (FILE *);
      |                     ^~~~
/usr/include/stdio.h:886:24: error: expected declaration specifiers or â€˜...â€™ before â€˜FILEâ€™
  886 | extern int __overflow (FILE *, int);
      |                        ^~~~
In file included from /usr/include/stdio.h:902:
/usr/include/bits/stdio.h:39:40: error: expected declaration specifiers or â€˜...â€™ before â€˜__gnuc_va_listâ€™
   39 | vprintf (const char *__restrict __fmt, __gnuc_va_list __arg)
      |                                        ^~~~~~~~~~~~~~
/usr/include/bits/stdio.h:48:1: error: expected â€˜=â€™, â€˜,â€™, â€˜;â€™, â€˜asmâ€™ or â€˜__attribute__â€™ before â€˜{â€™ token
   48 | {
      | ^
/usr/include/bits/stdio.h:56:17: error: expected declaration specifiers or â€˜...â€™ before â€˜FILEâ€™
   56 | fgetc_unlocked (FILE *__fp)
      |                 ^~~~
/usr/include/bits/stdio.h:66:16: error: expected declaration specifiers or â€˜...â€™ before â€˜FILEâ€™
   66 | getc_unlocked (FILE *__fp)
      |                ^~~~
/usr/include/bits/stdio.h:74:1: error: expected â€˜=â€™, â€˜,â€™, â€˜;â€™, â€˜asmâ€™ or â€˜__attribute__â€™ before â€˜{â€™ token
   74 | {
      | ^
/usr/include/bits/stdio.h:83:1: error: expected â€˜=â€™, â€˜,â€™, â€˜;â€™, â€˜asmâ€™ or â€˜__attribute__â€™ before â€˜{â€™ token
   83 | {
      | ^
/usr/include/bits/stdio.h:91:26: error: expected declaration specifiers or â€˜...â€™ before â€˜FILEâ€™
   91 | fputc_unlocked (int __c, FILE *__stream)
      |                          ^~~~
/usr/include/bits/stdio.h:101:25: error: expected declaration specifiers or â€˜...â€™ before â€˜FILEâ€™
  101 | putc_unlocked (int __c, FILE *__stream)
      |                         ^~~~
/usr/include/bits/stdio.h:109:1: error: expected â€˜=â€™, â€˜,â€™, â€˜;â€™, â€˜asmâ€™ or â€˜__attribute__â€™ before â€˜{â€™ token
  109 | {
      | ^
/usr/include/bits/stdio.h:128:1: error: expected declaration specifiers or â€˜...â€™ before â€˜FILEâ€™
  128 | __NTH (feof_unlocked (FILE *__stream))
      | ^~~~~
/usr/include/bits/stdio.h:135:1: error: expected declaration specifiers or â€˜...â€™ before â€˜FILEâ€™
  135 | __NTH (ferror_unlocked (FILE *__stream))
      | ^~~~~
map/test/uint64_t/test.c:7:1: error: expected â€˜=â€™, â€˜,â€™, â€˜;â€™, â€˜asmâ€™ or â€˜__attribute__â€™ before â€˜{â€™ token
    7 | {
      | ^
In file included from map/test/uint64_t/test.c:1:
map/test/uint64_t/map.h:4:1: error: type of â€˜mapâ€™ defaults to â€˜intâ€™ [-Werror=implicit-int]
    4 | MAKE_MAP_HEADER(map, uint64_t, uint64_t)
      | ^~~~~~~~~~~~~~~
map/test/uint64_t/map.h:4:1: error: type of â€˜uint64_tâ€™ defaults to â€˜intâ€™ [-Werror=implicit-int]
map/test/uint64_t/map.h:4:1: error: multiple parameters named â€˜uint64_tâ€™
/usr/include/stdio.h:837:14: error: declaration for parameter â€˜ctermidâ€™ but no such parameter
  837 | extern char *ctermid (char *__s) __THROW
      |              ^~~~~~~
/usr/include/stdio.h:804:13: error: declaration for parameter â€˜perrorâ€™ but no such parameter
  804 | extern void perror (const char *__s);
      |             ^~~~~~
/usr/include/stdio.h:661:12: error: declaration for parameter â€˜putsâ€™ but no such parameter
  661 | extern int puts (const char *__s);
      |            ^~~~
/usr/include/stdio.h:574:12: error: declaration for parameter â€˜putchar_unlockedâ€™ but no such parameter
  574 | extern int putchar_unlocked (int __c);
      |            ^~~~~~~~~~~~~~~~
/usr/include/stdio.h:556:12: error: declaration for parameter â€˜putcharâ€™ but no such parameter
  556 | extern int putchar (int __c);
      |            ^~~~~~~
/usr/include/stdio.h:528:12: error: declaration for parameter â€˜getchar_unlockedâ€™ but no such parameter
  528 | extern int getchar_unlocked (void);
      |            ^~~~~~~~~~~~~~~~
/usr/include/stdio.h:520:12: error: declaration for parameter â€˜getcharâ€™ but no such parameter
  520 | extern int getchar (void);
      |            ^~~~~~~
/usr/include/stdio.h:439:12: error: declaration for parameter â€˜sscanfâ€™ but no such parameter
  439 | extern int __REDIRECT_NTH (sscanf, (const char *__restrict __s,
      |            ^~~~~~~~~~~~~~
/usr/include/stdio.h:437:12: error: declaration for parameter â€˜scanfâ€™ but no such parameter
  437 | extern int __REDIRECT (scanf, (const char *__restrict __format, ...),
      |            ^~~~~~~~~~
/usr/include/stdio.h:423:12: error: declaration for parameter â€˜sscanfâ€™ but no such parameter
  423 | extern int sscanf (const char *__restrict __s,
      |            ^~~~~~
/usr/include/stdio.h:421:12: error: declaration for parameter â€˜scanfâ€™ but no such parameter
  421 | extern int scanf (const char *__restrict __format, ...) __wur;
      |            ^~~~~
/usr/include/stdio.h:406:12: error: declaration for parameter â€˜dprintfâ€™ but no such parameter
  406 | extern int dprintf (int __fd, const char *__restrict __fmt, ...)
      |            ^~~~~~~
/usr/include/stdio.h:358:12: error: declaration for parameter â€˜sprintfâ€™ but no such parameter
  358 | extern int sprintf (char *__restrict __s,
      |            ^~~~~~~
/usr/include/stdio.h:356:12: error: declaration for parameter â€˜printfâ€™ but no such parameter
  356 | extern int printf (const char *__restrict __format, ...);
      |            ^~~~~~
/usr/include/stdio.h:222:14: error: declaration for parameter â€˜tempnamâ€™ but no such parameter
  222 | extern char *tempnam (const char *__dir, const char *__pfx)
      |              ^~~~~~~
/usr/include/stdio.h:210:14: error: declaration for parameter â€˜tmpnam_râ€™ but no such parameter
  210 | extern char *tmpnam_r (char __s[L_tmpnam]) __THROW __wur;
      |              ^~~~~~~~
/usr/include/stdio.h:205:14: error: declaration for parameter â€˜tmpnamâ€™ but no such parameter
  205 | extern char *tmpnam (char[L_tmpnam]) __THROW __wur;
      |              ^~~~~~
/usr/include/stdio.h:158:12: error: declaration for parameter â€˜renameatâ€™ but no such parameter
  158 | extern int renameat (int __oldfd, const char *__old, int __newfd,
      |            ^~~~~~~~
/usr/include/stdio.h:154:12: error: declaration for parameter â€˜renameâ€™ but no such parameter
  154 | extern int rename (const char *__old, const char *__new) __THROW;
      |            ^~~~~~
/usr/include/stdio.h:152:12: error: declaration for parameter â€˜removeâ€™ but no such parameter
  152 | extern int remove (const char *__filename) __THROW;
      |            ^~~~~~
/usr/include/bits/types/struct_FILE.h:43:14: error: parameter â€˜_IO_lock_tâ€™ has incomplete type
   43 | typedef void _IO_lock_t;
      |              ^~~~~~~~~~
/usr/include/bits/types/struct_FILE.h:43:14: error: declaration for parameter â€˜_IO_lock_tâ€™ but no such parameter
/usr/include/bits/types/FILE.h:7:25: error: declaration for parameter â€˜FILEâ€™ but no such parameter
    7 | typedef struct _IO_FILE FILE;
      |                         ^~~~
/usr/include/bits/types/__FILE.h:5:25: error: declaration for parameter â€˜__FILEâ€™ but no such parameter
    5 | typedef struct _IO_FILE __FILE;
      |                         ^~~~~~
/usr/include/bits/types/__fpos64_t.h:14:3: error: declaration for parameter â€˜__fpos64_tâ€™ but no such parameter
   14 | } __fpos64_t;
      |   ^~~~~~~~~~
/usr/include/bits/types/__fpos_t.h:14:3: error: declaration for parameter â€˜__fpos_tâ€™ but no such parameter
   14 | } __fpos_t;
      |   ^~~~~~~~
/usr/include/bits/types/__mbstate_t.h:21:3: error: declaration for parameter â€˜__mbstate_tâ€™ but no such parameter
   21 | } __mbstate_t;
      |   ^~~~~~~~~~~
/usr/include/bits/types.h:215:13: error: declaration for parameter â€˜__sig_atomic_tâ€™ but no such parameter
  215 | typedef int __sig_atomic_t;
      |             ^~~~~~~~~~~~~~
/usr/include/bits/types.h:210:23: error: declaration for parameter â€˜__socklen_tâ€™ but no such parameter
  210 | __STD_TYPE __U32_TYPE __socklen_t;
      |                       ^~~~~~~~~~~
/usr/include/bits/types.h:207:25: error: declaration for parameter â€˜__intptr_tâ€™ but no such parameter
  207 | __STD_TYPE __SWORD_TYPE __intptr_t;
      |                         ^~~~~~~~~~
/usr/include/bits/types.h:204:15: error: declaration for parameter â€˜__caddr_tâ€™ but no such parameter
  204 | typedef char *__caddr_t;
      |               ^~~~~~~~~
/usr/include/bits/types.h:199:33: error: declaration for parameter â€˜__syscall_ulong_tâ€™ but no such parameter
  199 | __STD_TYPE __SYSCALL_ULONG_TYPE __syscall_ulong_t;
      |                                 ^~~~~~~~~~~~~~~~~
/usr/include/bits/types.h:197:33: error: declaration for parameter â€˜__syscall_slong_tâ€™ but no such parameter
  197 | __STD_TYPE __SYSCALL_SLONG_TYPE __syscall_slong_t;
      |                                 ^~~~~~~~~~~~~~~~~
/usr/include/bits/types.h:194:27: error: declaration for parameter â€˜__ssize_tâ€™ but no such parameter
  194 | __STD_TYPE __SSIZE_T_TYPE __ssize_t; /* Type of a byte count, or error.  */
      |                           ^~~~~~~~~
/usr/include/bits/types.h:192:28: error: declaration for parameter â€˜__fsword_tâ€™ but no such parameter
  192 | __STD_TYPE __FSWORD_T_TYPE __fsword_t;
      |                            ^~~~~~~~~~
/usr/include/bits/types.h:189:32: error: declaration for parameter â€˜__fsfilcnt64_tâ€™ but no such parameter
  189 | __STD_TYPE __FSFILCNT64_T_TYPE __fsfilcnt64_t;
      |                                ^~~~~~~~~~~~~~
/usr/include/bits/types.h:188:30: error: declaration for parameter â€˜__fsfilcnt_tâ€™ but no such parameter
  188 | __STD_TYPE __FSFILCNT_T_TYPE __fsfilcnt_t;
      |                              ^~~~~~~~~~~~
/usr/include/bits/types.h:185:32: error: declaration for parameter â€˜__fsblkcnt64_tâ€™ but no such parameter
  185 | __STD_TYPE __FSBLKCNT64_T_TYPE __fsblkcnt64_t;
      |                                ^~~~~~~~~~~~~~
/usr/include/bits/types.h:184:30: error: declaration for parameter â€˜__fsblkcnt_tâ€™ but no such parameter
  184 | __STD_TYPE __FSBLKCNT_T_TYPE __fsblkcnt_t;
      |                              ^~~~~~~~~~~~
/usr/include/bits/types.h:181:30: error: declaration for parameter â€˜__blkcnt64_tâ€™ but no such parameter
  181 | __STD_TYPE __BLKCNT64_T_TYPE __blkcnt64_t;
      |                              ^~~~~~~~~~~~
/usr/include/bits/types.h:180:28: error: declaration for parameter â€˜__blkcnt_tâ€™ but no such parameter
  180 | __STD_TYPE __BLKCNT_T_TYPE __blkcnt_t;
      |                            ^~~~~~~~~~
/usr/include/bits/types.h:175:29: error: declaration for parameter â€˜__blksize_tâ€™ but no such parameter
  175 | __STD_TYPE __BLKSIZE_T_TYPE __blksize_t;
      |                             ^~~~~~~~~~~
/usr/include/bits/types.h:172:27: error: declaration for parameter â€˜__timer_tâ€™ but no such parameter
  172 | __STD_TYPE __TIMER_T_TYPE __timer_t;
      |                           ^~~~~~~~~
/usr/include/bits/types.h:169:29: error: declaration for parameter â€˜__clockid_tâ€™ but no such parameter
  169 | __STD_TYPE __CLOCKID_T_TYPE __clockid_t;
      |                             ^~~~~~~~~~~
/usr/include/bits/types.h:166:25: error: declaration for parameter â€˜__key_tâ€™ but no such parameter
  166 | __STD_TYPE __KEY_T_TYPE __key_t;        /* Type of an IPC key.  */
      |                         ^~~~~~~
/usr/include/bits/types.h:165:27: error: declaration for parameter â€˜__daddr_tâ€™ but no such parameter
  165 | __STD_TYPE __DADDR_T_TYPE __daddr_t;    /* The type of a disk address.  */
      |                           ^~~~~~~~~
/usr/include/bits/types.h:163:33: error: declaration for parameter â€˜__suseconds64_tâ€™ but no such parameter
  163 | __STD_TYPE __SUSECONDS64_T_TYPE __suseconds64_t;
      |                                 ^~~~~~~~~~~~~~~
/usr/include/bits/types.h:162:31: error: declaration for parameter â€˜__suseconds_tâ€™ but no such parameter
  162 | __STD_TYPE __SUSECONDS_T_TYPE __suseconds_t; /* Signed count of microseconds.  */
      |                               ^~~~~~~~~~~~~
/usr/include/bits/types.h:161:30: error: declaration for parameter â€˜__useconds_tâ€™ but no such parameter
  161 | __STD_TYPE __USECONDS_T_TYPE __useconds_t; /* Count of microseconds.  */
      |                              ^~~~~~~~~~~~
/usr/include/bits/types.h:160:26: error: declaration for parameter â€˜__time_tâ€™ but no such parameter
  160 | __STD_TYPE __TIME_T_TYPE __time_t;      /* Seconds since the Epoch.  */
      |                          ^~~~~~~~
/usr/include/bits/types.h:159:24: error: declaration for parameter â€˜__id_tâ€™ but no such parameter
  159 | __STD_TYPE __ID_T_TYPE __id_t;          /* General type for IDs.  */
      |                        ^~~~~~
/usr/include/bits/types.h:158:28: error: declaration for parameter â€˜__rlim64_tâ€™ but no such parameter
  158 | __STD_TYPE __RLIM64_T_TYPE __rlim64_t;  /* Type for resource measurement (LFS).  */
      |                            ^~~~~~~~~~
/usr/include/bits/types.h:157:26: error: declaration for parameter â€˜__rlim_tâ€™ but no such parameter
  157 | __STD_TYPE __RLIM_T_TYPE __rlim_t;      /* Type for resource measurement.  */
      |                          ^~~~~~~~
/usr/include/bits/types.h:156:27: error: declaration for parameter â€˜__clock_tâ€™ but no such parameter
  156 | __STD_TYPE __CLOCK_T_TYPE __clock_t;    /* Type of CPU usage counts.  */
      |                           ^~~~~~~~~
/usr/include/bits/types.h:155:26: error: declaration for parameter â€˜__fsid_tâ€™ but no such parameter
  155 | __STD_TYPE __FSID_T_TYPE __fsid_t;      /* Type of file system IDs.  */
      |                          ^~~~~~~~
/usr/include/bits/types.h:154:25: error: declaration for parameter â€˜__pid_tâ€™ but no such parameter
  154 | __STD_TYPE __PID_T_TYPE __pid_t;        /* Type of process identifications.  */
      |                         ^~~~~~~
/usr/include/bits/types.h:153:27: error: declaration for parameter â€˜__off64_tâ€™ but no such parameter
  153 | __STD_TYPE __OFF64_T_TYPE __off64_t;    /* Type of file sizes and offsets (LFS).  */
      |                           ^~~~~~~~~
/usr/include/bits/types.h:152:25: error: declaration for parameter â€˜__off_tâ€™ but no such parameter
  152 | __STD_TYPE __OFF_T_TYPE __off_t;        /* Type of file sizes and offsets.  */
      |                         ^~~~~~~
/usr/include/bits/types.h:151:27: error: declaration for parameter â€˜__nlink_tâ€™ but no such parameter
  151 | __STD_TYPE __NLINK_T_TYPE __nlink_t;    /* Type of file link counts.  */
      |                           ^~~~~~~~~
/usr/include/bits/types.h:150:26: error: declaration for parameter â€˜__mode_tâ€™ but no such parameter
  150 | __STD_TYPE __MODE_T_TYPE __mode_t;      /* Type of file attribute bitmasks.  */
      |                          ^~~~~~~~
/usr/include/bits/types.h:149:27: error: declaration for parameter â€˜__ino64_tâ€™ but no such parameter
  149 | __STD_TYPE __INO64_T_TYPE __ino64_t;    /* Type of file serial numbers (LFS).*/
      |                           ^~~~~~~~~
/usr/include/bits/types.h:148:25: error: declaration for parameter â€˜__ino_tâ€™ but no such parameter
  148 | __STD_TYPE __INO_T_TYPE __ino_t;        /* Type of file serial numbers.  */
      |                         ^~~~~~~
/usr/include/bits/types.h:147:25: error: declaration for parameter â€˜__gid_tâ€™ but no such parameter
  147 | __STD_TYPE __GID_T_TYPE __gid_t;        /* Type of group identifications.  */
      |                         ^~~~~~~
/usr/include/bits/types.h:146:25: error: declaration for parameter â€˜__uid_tâ€™ but no such parameter
  146 | __STD_TYPE __UID_T_TYPE __uid_t;        /* Type of user identifications.  */
      |                         ^~~~~~~
/usr/include/bits/types.h:145:25: error: declaration for parameter â€˜__dev_tâ€™ but no such parameter
  145 | __STD_TYPE __DEV_T_TYPE __dev_t;        /* Type of device numbers.  */
      |                         ^~~~~~~
/usr/include/bits/types.h:73:27: error: declaration for parameter â€˜__uintmax_tâ€™ but no such parameter
   73 | typedef unsigned long int __uintmax_t;
      |                           ^~~~~~~~~~~
/usr/include/bits/types.h:72:18: error: declaration for parameter â€˜__intmax_tâ€™ but no such parameter
   72 | typedef long int __intmax_t;
      |                  ^~~~~~~~~~
/usr/include/bits/types.h:64:27: error: declaration for parameter â€˜__u_quad_tâ€™ but no such parameter
   64 | typedef unsigned long int __u_quad_t;
      |                           ^~~~~~~~~~
/usr/include/bits/types.h:63:18: error: declaration for parameter â€˜__quad_tâ€™ but no such parameter
   63 | typedef long int __quad_t;
      |                  ^~~~~~~~
/usr/include/bits/types.h:45:27: error: declaration for parameter â€˜__uint64_tâ€™ but no such parameter
   45 | typedef unsigned long int __uint64_t;
      |                           ^~~~~~~~~~
/usr/include/bits/types.h:44:25: error: declaration for parameter â€˜__int64_tâ€™ but no such parameter
   44 | typedef signed long int __int64_t;
      |                         ^~~~~~~~~
/usr/include/bits/types.h:42:22: error: declaration for parameter â€˜__uint32_tâ€™ but no such parameter
   42 | typedef unsigned int __uint32_t;
      |                      ^~~~~~~~~~
/usr/include/bits/types.h:41:20: error: declaration for parameter â€˜__int32_tâ€™ but no such parameter
   41 | typedef signed int __int32_t;
      |                    ^~~~~~~~~
/usr/include/bits/types.h:40:28: error: declaration for parameter â€˜__uint16_tâ€™ but no such parameter
   40 | typedef unsigned short int __uint16_t;
      |                            ^~~~~~~~~~
/usr/include/bits/types.h:39:26: error: declaration for parameter â€˜__int16_tâ€™ but no such parameter
   39 | typedef signed short int __int16_t;
      |                          ^~~~~~~~~
/usr/include/bits/types.h:38:23: error: declaration for parameter â€˜__uint8_tâ€™ but no such parameter
   38 | typedef unsigned char __uint8_t;
      |                       ^~~~~~~~~
/usr/include/bits/types.h:37:21: error: declaration for parameter â€˜__int8_tâ€™ but no such parameter
   37 | typedef signed char __int8_t;
      |                     ^~~~~~~~
/usr/include/bits/types.h:34:27: error: declaration for parameter â€˜__u_longâ€™ but no such parameter
   34 | typedef unsigned long int __u_long;
      |                           ^~~~~~~~
/usr/include/bits/types.h:33:22: error: declaration for parameter â€˜__u_intâ€™ but no such parameter
   33 | typedef unsigned int __u_int;
      |                      ^~~~~~~
/usr/include/bits/types.h:32:28: error: declaration for parameter â€˜__u_shortâ€™ but no such parameter
   32 | typedef unsigned short int __u_short;
      |                            ^~~~~~~~~
/usr/include/bits/types.h:31:23: error: declaration for parameter â€˜__u_charâ€™ but no such parameter
   31 | typedef unsigned char __u_char;
      |                       ^~~~~~~~
/usr/lib/gcc/x86_64-pc-linux-gnu/12.2.0/include/stdarg.h:40:27: error: declaration for parameter â€˜__gnuc_va_listâ€™ but no such parameter
   40 | typedef __builtin_va_list __gnuc_va_list;
      |                           ^~~~~~~~~~~~~~
/usr/lib/gcc/x86_64-pc-linux-gnu/12.2.0/include/stddef.h:214:23: error: declaration for parameter â€˜size_tâ€™ but no such parameter
  214 | typedef __SIZE_TYPE__ size_t;
      |                       ^~~~~~
/usr/include/assert.h:79:13: error: declaration for parameter â€˜__assertâ€™ but no such parameter
   79 | extern void __assert (const char *__assertion, const char *__file, int __line)
      |             ^~~~~~~~
/usr/include/assert.h:72:13: error: declaration for parameter â€˜__assert_perror_failâ€™ but no such parameter
   72 | extern void __assert_perror_fail (int __errnum, const char *__file,
      |             ^~~~~~~~~~~~~~~~~~~~
/usr/include/assert.h:67:13: error: declaration for parameter â€˜__assert_failâ€™ but no such parameter
   67 | extern void __assert_fail (const char *__assertion, const char *__file,
      |             ^~~~~~~~~~~~~
map/test/uint64_t/test.c:11: error: expected â€˜{â€™ at end of input
map/test/uint64_t/test.c:11: error: control reaches end of non-void function [-Werror=return-type]
cc1: all warnings being treated as errors
[93mCBUILD WARN!: [39mgcc -c -o build/map/test/uint64_t/test.c.o -g -Wall -Werror -Og  map/test/uint64_t/test.c
/usr/bin/ld: cannot find build/map/test/uint64_t/map.c.o: No such file or directory
/usr/bin/ld: cannot find build/map/test/uint64_t/test.c.o: No such file or directory
collect2: error: ld returned 1 exit status
[31mBEAVER PANIC![39m: 'gcc -o out -g -Wall -Werror -Og build/map/test/uint64_t/map.c.o build/map/test/uint64_t/test.c.o'
